This file contains any messages produced by compilers while
running configure, to aid debugging if configure makes a mistake.

It was created by softsusy configure 4.1.4, which was
generated by GNU Autoconf 2.69.  Invocation command line was

  $ ./configure --enable-two-loop-gauge-yukawa-compilation

## --------- ##
## Platform. ##
## --------- ##

hostname = oleander
uname -m = x86_64
uname -r = 4.9.0-8-amd64
uname -s = Linux
uname -v = #1 SMP Debian 4.9.144-3.1 (2019-02-19)

/usr/bin/uname -p = unknown
/bin/uname -X     = unknown

/bin/arch              = unknown
/usr/bin/arch -k       = unknown
/usr/convex/getsysinfo = unknown
/usr/bin/hostinfo      = unknown
/bin/machine           = unknown
/usr/bin/oslevel       = unknown
/bin/universe          = unknown

PATH: /usr/local/bin/smb
PATH: /usr/local/etc
PATH: /usr/local/sbin
PATH: /usr/sbin
PATH: /usr/local/bin/firstboot
PATH: /usr/local/bin/defaultcls
PATH: /usr/local/bin/afs
PATH: /usr/local/bin
PATH: /usr/bin
PATH: /bin
PATH: /usr/local/games
PATH: /usr/games


## ----------- ##
## Core tests. ##
## ----------- ##

configure:2540: checking for a BSD-compatible install
configure:2608: result: /usr/bin/install -c
configure:2619: checking whether build environment is sane
configure:2674: result: yes
configure:2825: checking for a thread-safe mkdir -p
configure:2864: result: /bin/mkdir -p
configure:2871: checking for gawk
configure:2887: found /usr/bin/gawk
configure:2898: result: gawk
configure:2909: checking whether make sets $(MAKE)
configure:2931: result: yes
configure:2960: checking whether make supports nested variables
configure:2977: result: yes
configure:3161: checking for g++
configure:3177: found /usr/bin/g++
configure:3188: result: g++
configure:3215: checking for C++ compiler version
configure:3224: g++ --version >&5
g++ (Debian 6.3.0-18+deb9u1) 6.3.0 20170516
Copyright (C) 2016 Free Software Foundation, Inc.
This is free software; see the source for copying conditions.  There is NO
warranty; not even for MERCHANTABILITY or FITNESS FOR A PARTICULAR PURPOSE.

configure:3235: $? = 0
configure:3224: g++ -v >&5
Using built-in specs.
COLLECT_GCC=g++
COLLECT_LTO_WRAPPER=/usr/lib/gcc/x86_64-linux-gnu/6/lto-wrapper
Target: x86_64-linux-gnu
Configured with: ../src/configure -v --with-pkgversion='Debian 6.3.0-18+deb9u1' --with-bugurl=file:///usr/share/doc/gcc-6/README.Bugs --enable-languages=c,ada,c++,java,go,d,fortran,objc,obj-c++ --prefix=/usr --program-suffix=-6 --program-prefix=x86_64-linux-gnu- --enable-shared --enable-linker-build-id --libexecdir=/usr/lib --without-included-gettext --enable-threads=posix --libdir=/usr/lib --enable-nls --with-sysroot=/ --enable-clocale=gnu --enable-libstdcxx-debug --enable-libstdcxx-time=yes --with-default-libstdcxx-abi=new --enable-gnu-unique-object --disable-vtable-verify --enable-libmpx --enable-plugin --enable-default-pie --with-system-zlib --disable-browser-plugin --enable-java-awt=gtk --enable-gtk-cairo --with-java-home=/usr/lib/jvm/java-1.5.0-gcj-6-amd64/jre --enable-java-home --with-jvm-root-dir=/usr/lib/jvm/java-1.5.0-gcj-6-amd64 --with-jvm-jar-dir=/usr/lib/jvm-exports/java-1.5.0-gcj-6-amd64 --with-arch-directory=amd64 --with-ecj-jar=/usr/share/java/eclipse-ecj.jar --with-target-system-zlib --enable-objc-gc=auto --enable-multiarch --with-arch-32=i686 --with-abi=m64 --with-multilib-list=m32,m64,mx32 --enable-multilib --with-tune=generic --enable-checking=release --build=x86_64-linux-gnu --host=x86_64-linux-gnu --target=x86_64-linux-gnu
Thread model: posix
gcc version 6.3.0 20170516 (Debian 6.3.0-18+deb9u1) 
configure:3235: $? = 0
configure:3224: g++ -V >&5
g++: error: unrecognized command line option '-V'
g++: fatal error: no input files
compilation terminated.
configure:3235: $? = 1
configure:3224: g++ -qversion >&5
g++: error: unrecognized command line option '-qversion'; did you mean '--version'?
g++: fatal error: no input files
compilation terminated.
configure:3235: $? = 1
configure:3255: checking whether the C++ compiler works
configure:3277: g++ -O2 -Wall -std=c++11   conftest.cpp  >&5
configure:3281: $? = 0
configure:3329: result: yes
configure:3332: checking for C++ compiler default output file name
configure:3334: result: a.out
configure:3340: checking for suffix of executables
configure:3347: g++ -o conftest -O2 -Wall -std=c++11   conftest.cpp  >&5
configure:3351: $? = 0
configure:3373: result: 
configure:3395: checking whether we are cross compiling
configure:3403: g++ -o conftest -O2 -Wall -std=c++11   conftest.cpp  >&5
configure:3407: $? = 0
configure:3414: ./conftest
configure:3418: $? = 0
configure:3433: result: no
configure:3438: checking for suffix of object files
configure:3460: g++ -c -O2 -Wall -std=c++11  conftest.cpp >&5
configure:3464: $? = 0
configure:3485: result: o
configure:3489: checking whether we are using the GNU C++ compiler
configure:3508: g++ -c -O2 -Wall -std=c++11  conftest.cpp >&5
configure:3508: $? = 0
configure:3517: result: yes
configure:3526: checking whether g++ accepts -g
configure:3546: g++ -c -g  conftest.cpp >&5
configure:3546: $? = 0
configure:3587: result: yes
configure:3621: checking for style of include used by make
configure:3649: result: GNU
configure:3675: checking dependency style of g++
configure:3786: result: gcc3
configure:3854: checking for gcc
configure:3870: found /usr/bin/gcc
configure:3881: result: gcc
configure:4110: checking for C compiler version
configure:4119: gcc --version >&5
gcc (Debian 6.3.0-18+deb9u1) 6.3.0 20170516
Copyright (C) 2016 Free Software Foundation, Inc.
This is free software; see the source for copying conditions.  There is NO
warranty; not even for MERCHANTABILITY or FITNESS FOR A PARTICULAR PURPOSE.

configure:4130: $? = 0
configure:4119: gcc -v >&5
Using built-in specs.
COLLECT_GCC=gcc
COLLECT_LTO_WRAPPER=/usr/lib/gcc/x86_64-linux-gnu/6/lto-wrapper
Target: x86_64-linux-gnu
Configured with: ../src/configure -v --with-pkgversion='Debian 6.3.0-18+deb9u1' --with-bugurl=file:///usr/share/doc/gcc-6/README.Bugs --enable-languages=c,ada,c++,java,go,d,fortran,objc,obj-c++ --prefix=/usr --program-suffix=-6 --program-prefix=x86_64-linux-gnu- --enable-shared --enable-linker-build-id --libexecdir=/usr/lib --without-included-gettext --enable-threads=posix --libdir=/usr/lib --enable-nls --with-sysroot=/ --enable-clocale=gnu --enable-libstdcxx-debug --enable-libstdcxx-time=yes --with-default-libstdcxx-abi=new --enable-gnu-unique-object --disable-vtable-verify --enable-libmpx --enable-plugin --enable-default-pie --with-system-zlib --disable-browser-plugin --enable-java-awt=gtk --enable-gtk-cairo --with-java-home=/usr/lib/jvm/java-1.5.0-gcj-6-amd64/jre --enable-java-home --with-jvm-root-dir=/usr/lib/jvm/java-1.5.0-gcj-6-amd64 --with-jvm-jar-dir=/usr/lib/jvm-exports/java-1.5.0-gcj-6-amd64 --with-arch-directory=amd64 --with-ecj-jar=/usr/share/java/eclipse-ecj.jar --with-target-system-zlib --enable-objc-gc=auto --enable-multiarch --with-arch-32=i686 --with-abi=m64 --with-multilib-list=m32,m64,mx32 --enable-multilib --with-tune=generic --enable-checking=release --build=x86_64-linux-gnu --host=x86_64-linux-gnu --target=x86_64-linux-gnu
Thread model: posix
gcc version 6.3.0 20170516 (Debian 6.3.0-18+deb9u1) 
configure:4130: $? = 0
configure:4119: gcc -V >&5
gcc: error: unrecognized command line option '-V'
gcc: fatal error: no input files
compilation terminated.
configure:4130: $? = 1
configure:4119: gcc -qversion >&5
gcc: error: unrecognized command line option '-qversion'; did you mean '--version'?
gcc: fatal error: no input files
compilation terminated.
configure:4130: $? = 1
configure:4134: checking whether we are using the GNU C compiler
configure:4153: gcc -c -O2 -Wall  conftest.c >&5
configure:4153: $? = 0
configure:4162: result: yes
configure:4171: checking whether gcc accepts -g
configure:4191: gcc -c -g  conftest.c >&5
configure:4191: $? = 0
configure:4232: result: yes
configure:4249: checking for gcc option to accept ISO C89
configure:4312: gcc  -c -O2 -Wall  conftest.c >&5
configure:4312: $? = 0
configure:4325: result: none needed
configure:4350: checking whether gcc understands -c and -o together
configure:4372: gcc -c conftest.c -o conftest2.o
configure:4375: $? = 0
configure:4372: gcc -c conftest.c -o conftest2.o
configure:4375: $? = 0
configure:4387: result: yes
configure:4406: checking dependency style of gcc
configure:4517: result: gcc3
configure:4545: checking whether make sets $(MAKE)
configure:4567: result: yes
configure:4631: checking for g77
configure:4661: result: no
configure:4631: checking for xlf
configure:4661: result: no
configure:4631: checking for f77
configure:4647: found /usr/bin/f77
configure:4658: result: f77
configure:4684: checking for Fortran 77 compiler version
configure:4693: f77 --version >&5
GNU Fortran (Debian 6.3.0-18+deb9u1) 6.3.0 20170516
Copyright (C) 2016 Free Software Foundation, Inc.
This is free software; see the source for copying conditions.  There is NO
warranty; not even for MERCHANTABILITY or FITNESS FOR A PARTICULAR PURPOSE.

configure:4704: $? = 0
configure:4693: f77 -v >&5
Using built-in specs.
COLLECT_GCC=f77
COLLECT_LTO_WRAPPER=/usr/lib/gcc/x86_64-linux-gnu/6/lto-wrapper
Target: x86_64-linux-gnu
Configured with: ../src/configure -v --with-pkgversion='Debian 6.3.0-18+deb9u1' --with-bugurl=file:///usr/share/doc/gcc-6/README.Bugs --enable-languages=c,ada,c++,java,go,d,fortran,objc,obj-c++ --prefix=/usr --program-suffix=-6 --program-prefix=x86_64-linux-gnu- --enable-shared --enable-linker-build-id --libexecdir=/usr/lib --without-included-gettext --enable-threads=posix --libdir=/usr/lib --enable-nls --with-sysroot=/ --enable-clocale=gnu --enable-libstdcxx-debug --enable-libstdcxx-time=yes --with-default-libstdcxx-abi=new --enable-gnu-unique-object --disable-vtable-verify --enable-libmpx --enable-plugin --enable-default-pie --with-system-zlib --disable-browser-plugin --enable-java-awt=gtk --enable-gtk-cairo --with-java-home=/usr/lib/jvm/java-1.5.0-gcj-6-amd64/jre --enable-java-home --with-jvm-root-dir=/usr/lib/jvm/java-1.5.0-gcj-6-amd64 --with-jvm-jar-dir=/usr/lib/jvm-exports/java-1.5.0-gcj-6-amd64 --with-arch-directory=amd64 --with-ecj-jar=/usr/share/java/eclipse-ecj.jar --with-target-system-zlib --enable-objc-gc=auto --enable-multiarch --with-arch-32=i686 --with-abi=m64 --with-multilib-list=m32,m64,mx32 --enable-multilib --with-tune=generic --enable-checking=release --build=x86_64-linux-gnu --host=x86_64-linux-gnu --target=x86_64-linux-gnu
Thread model: posix
gcc version 6.3.0 20170516 (Debian 6.3.0-18+deb9u1) 
configure:4704: $? = 0
configure:4693: f77 -V >&5
f77: error: unrecognized command line option '-V'
f77: fatal error: no input files
compilation terminated.
configure:4704: $? = 1
configure:4693: f77 -qversion >&5
f77: error: unrecognized command line option '-qversion'; did you mean '--version'?
f77: fatal error: no input files
compilation terminated.
configure:4704: $? = 1
configure:4713: checking whether we are using the GNU Fortran 77 compiler
configure:4726: f77 -c -O2 -Wall conftest.F >&5
configure:4726: $? = 0
configure:4735: result: yes
configure:4741: checking whether f77 accepts -g
configure:4752: f77 -c -g conftest.f >&5
configure:4752: $? = 0
configure:4760: result: yes
configure:4793: checking build system type
configure:4807: result: x86_64-pc-linux-gnu
configure:4827: checking host system type
configure:4840: result: x86_64-pc-linux-gnu
configure:4865: checking how to get verbose linking output from f77
configure:4875: f77 -c -O2 -Wall conftest.f >&5
configure:4875: $? = 0
configure:4893: f77 -o conftest -O2 -Wall -v conftest.f
Using built-in specs.
Target: x86_64-linux-gnu
Thread model: posix
gcc version 6.3.0 20170516 (Debian 6.3.0-18+deb9u1) 
 /usr/lib/gcc/x86_64-linux-gnu/6/f951 conftest.f -ffixed-form -quiet -dumpbase conftest.f -mtune=generic -march=x86-64 -auxbase conftest -O2 -Wall -version -fintrinsic-modules-path /usr/lib/gcc/x86_64-linux-gnu/6/finclude -o /tmp/cc2VEnEY.s
GNU Fortran (Debian 6.3.0-18+deb9u1) version 6.3.0 20170516 (x86_64-linux-gnu)
	compiled by GNU C version 6.3.0 20170516, GMP version 6.1.2, MPFR version 3.1.5, MPC version 1.0.3, isl version 0.15
GGC heuristics: --param ggc-min-expand=100 --param ggc-min-heapsize=131072
GNU Fortran2008 (Debian 6.3.0-18+deb9u1) version 6.3.0 20170516 (x86_64-linux-gnu)
	compiled by GNU C version 6.3.0 20170516, GMP version 6.1.2, MPFR version 3.1.5, MPC version 1.0.3, isl version 0.15
GGC heuristics: --param ggc-min-expand=100 --param ggc-min-heapsize=131072
 as -v --64 -o /tmp/ccNzUGl2.o /tmp/cc2VEnEY.s
GNU assembler version 2.28 (x86_64-linux-gnu) using BFD version (GNU Binutils for Debian) 2.28
Reading specs from /usr/lib/gcc/x86_64-linux-gnu/6/libgfortran.spec
rename spec lib to liborig
 /usr/lib/gcc/x86_64-linux-gnu/6/collect2 -plugin /usr/lib/gcc/x86_64-linux-gnu/6/liblto_plugin.so -plugin-opt=/usr/lib/gcc/x86_64-linux-gnu/6/lto-wrapper -plugin-opt=-fresolution=/tmp/cczgpe45.res -plugin-opt=-pass-through=-lgcc_s -plugin-opt=-pass-through=-lgcc -plugin-opt=-pass-through=-lquadmath -plugin-opt=-pass-through=-lm -plugin-opt=-pass-through=-lgcc_s -plugin-opt=-pass-through=-lgcc -plugin-opt=-pass-through=-lc -plugin-opt=-pass-through=-lgcc_s -plugin-opt=-pass-through=-lgcc --sysroot=/ --build-id --eh-frame-hdr -m elf_x86_64 --hash-style=gnu -dynamic-linker /lib64/ld-linux-x86-64.so.2 -pie -o conftest /usr/lib/gcc/x86_64-linux-gnu/6/../../../x86_64-linux-gnu/Scrt1.o /usr/lib/gcc/x86_64-linux-gnu/6/../../../x86_64-linux-gnu/crti.o /usr/lib/gcc/x86_64-linux-gnu/6/crtbeginS.o -L/usr/lib/gcc/x86_64-linux-gnu/6 -L/usr/lib/gcc/x86_64-linux-gnu/6/../../../x86_64-linux-gnu -L/usr/lib/gcc/x86_64-linux-gnu/6/../../../../lib -L/lib/x86_64-linux-gnu -L/lib/../lib -L/usr/lib/x86_64-linux-gnu -L/usr/lib/../lib -L/usr/lib/gcc/x86_64-linux-gnu/6/../../.. /tmp/ccNzUGl2.o -lgfortran -lm -lgcc_s -lgcc -lquadmath -lm -lgcc_s -lgcc -lc -lgcc_s -lgcc /usr/lib/gcc/x86_64-linux-gnu/6/crtendS.o /usr/lib/gcc/x86_64-linux-gnu/6/../../../x86_64-linux-gnu/crtn.o
configure:4976: result: -v
configure:4978: checking for Fortran 77 libraries of f77
configure:5001: f77 -o conftest -O2 -Wall -v conftest.f
Using built-in specs.
Target: x86_64-linux-gnu
Thread model: posix
gcc version 6.3.0 20170516 (Debian 6.3.0-18+deb9u1) 
 /usr/lib/gcc/x86_64-linux-gnu/6/f951 conftest.f -ffixed-form -quiet -dumpbase conftest.f -mtune=generic -march=x86-64 -auxbase conftest -O2 -Wall -version -fintrinsic-modules-path /usr/lib/gcc/x86_64-linux-gnu/6/finclude -o /tmp/ccM7prup.s
GNU Fortran (Debian 6.3.0-18+deb9u1) version 6.3.0 20170516 (x86_64-linux-gnu)
	compiled by GNU C version 6.3.0 20170516, GMP version 6.1.2, MPFR version 3.1.5, MPC version 1.0.3, isl version 0.15
GGC heuristics: --param ggc-min-expand=100 --param ggc-min-heapsize=131072
GNU Fortran2008 (Debian 6.3.0-18+deb9u1) version 6.3.0 20170516 (x86_64-linux-gnu)
	compiled by GNU C version 6.3.0 20170516, GMP version 6.1.2, MPFR version 3.1.5, MPC version 1.0.3, isl version 0.15
GGC heuristics: --param ggc-min-expand=100 --param ggc-min-heapsize=131072
 as -v --64 -o /tmp/cc28Uinu.o /tmp/ccM7prup.s
GNU assembler version 2.28 (x86_64-linux-gnu) using BFD version (GNU Binutils for Debian) 2.28
Reading specs from /usr/lib/gcc/x86_64-linux-gnu/6/libgfortran.spec
rename spec lib to liborig
 /usr/lib/gcc/x86_64-linux-gnu/6/collect2 -plugin /usr/lib/gcc/x86_64-linux-gnu/6/liblto_plugin.so -plugin-opt=/usr/lib/gcc/x86_64-linux-gnu/6/lto-wrapper -plugin-opt=-fresolution=/tmp/cczhVGhz.res -plugin-opt=-pass-through=-lgcc_s -plugin-opt=-pass-through=-lgcc -plugin-opt=-pass-through=-lquadmath -plugin-opt=-pass-through=-lm -plugin-opt=-pass-through=-lgcc_s -plugin-opt=-pass-through=-lgcc -plugin-opt=-pass-through=-lc -plugin-opt=-pass-through=-lgcc_s -plugin-opt=-pass-through=-lgcc --sysroot=/ --build-id --eh-frame-hdr -m elf_x86_64 --hash-style=gnu -dynamic-linker /lib64/ld-linux-x86-64.so.2 -pie -o conftest /usr/lib/gcc/x86_64-linux-gnu/6/../../../x86_64-linux-gnu/Scrt1.o /usr/lib/gcc/x86_64-linux-gnu/6/../../../x86_64-linux-gnu/crti.o /usr/lib/gcc/x86_64-linux-gnu/6/crtbeginS.o -L/usr/lib/gcc/x86_64-linux-gnu/6 -L/usr/lib/gcc/x86_64-linux-gnu/6/../../../x86_64-linux-gnu -L/usr/lib/gcc/x86_64-linux-gnu/6/../../../../lib -L/lib/x86_64-linux-gnu -L/lib/../lib -L/usr/lib/x86_64-linux-gnu -L/usr/lib/../lib -L/usr/lib/gcc/x86_64-linux-gnu/6/../../.. /tmp/cc28Uinu.o -lgfortran -lm -lgcc_s -lgcc -lquadmath -lm -lgcc_s -lgcc -lc -lgcc_s -lgcc /usr/lib/gcc/x86_64-linux-gnu/6/crtendS.o /usr/lib/gcc/x86_64-linux-gnu/6/../../../x86_64-linux-gnu/crtn.o
configure:5197: result:  -L/usr/lib/gcc/x86_64-linux-gnu/6 -L/usr/lib/gcc/x86_64-linux-gnu/6/../../../x86_64-linux-gnu -L/usr/lib/gcc/x86_64-linux-gnu/6/../../../../lib -L/lib/x86_64-linux-gnu -L/lib/../lib -L/usr/lib/x86_64-linux-gnu -L/usr/lib/../lib -L/usr/lib/gcc/x86_64-linux-gnu/6/../../.. -lgfortran -lm -lquadmath
configure:5257: checking how to print strings
configure:5284: result: printf
configure:5305: checking for a sed that does not truncate output
configure:5369: result: /bin/sed
configure:5387: checking for grep that handles long lines and -e
configure:5445: result: /bin/grep
configure:5450: checking for egrep
configure:5512: result: /bin/grep -E
configure:5517: checking for fgrep
configure:5579: result: /bin/grep -F
configure:5614: checking for ld used by gcc
configure:5681: result: /usr/bin/ld
configure:5688: checking if the linker (/usr/bin/ld) is GNU ld
configure:5703: result: yes
configure:5715: checking for BSD- or MS-compatible name lister (nm)
configure:5769: result: /usr/bin/nm -B
configure:5899: checking the name lister (/usr/bin/nm -B) interface
configure:5906: g++ -c -O2 -Wall -std=c++11  conftest.cpp >&5
configure:5909: /usr/bin/nm -B "conftest.o"
configure:5912: output
0000000000000000 B some_variable
configure:5919: result: BSD nm
configure:5922: checking whether ln -s works
configure:5926: result: yes
configure:5934: checking the maximum length of command line arguments
configure:6065: result: 1572864
configure:6113: checking how to convert x86_64-pc-linux-gnu file names to x86_64-pc-linux-gnu format
configure:6153: result: func_convert_file_noop
configure:6160: checking how to convert x86_64-pc-linux-gnu file names to toolchain format
configure:6180: result: func_convert_file_noop
configure:6187: checking for /usr/bin/ld option to reload object files
configure:6194: result: -r
configure:6268: checking for objdump
configure:6284: found /usr/bin/objdump
configure:6295: result: objdump
configure:6327: checking how to recognize dependent libraries
configure:6527: result: pass_all
configure:6612: checking for dlltool
configure:6642: result: no
configure:6672: checking how to associate runtime and link libraries
configure:6699: result: printf %s\n
configure:6760: checking for ar
configure:6776: found /usr/bin/ar
configure:6787: result: ar
configure:6824: checking for archiver @FILE support
configure:6841: g++ -c -O2 -Wall -std=c++11  conftest.cpp >&5
configure:6841: $? = 0
configure:6844: ar cru libconftest.a @conftest.lst >&5
ar: `u' modifier ignored since `D' is the default (see `U')
configure:6847: $? = 0
configure:6852: ar cru libconftest.a @conftest.lst >&5
ar: `u' modifier ignored since `D' is the default (see `U')
ar: conftest.o: No such file or directory
configure:6855: $? = 1
configure:6867: result: @
configure:6925: checking for strip
configure:6941: found /usr/bin/strip
configure:6952: result: strip
configure:7024: checking for ranlib
configure:7040: found /usr/bin/ranlib
configure:7051: result: ranlib
configure:7153: checking command to parse /usr/bin/nm -B output from gcc object
configure:7306: g++ -c -O2 -Wall -std=c++11  conftest.cpp >&5
configure:7309: $? = 0
configure:7313: /usr/bin/nm -B conftest.o \| sed -n -e 's/^.*[ ]\([ABCDGIRSTW][ABCDGIRSTW]*\)[ ][ ]*\([_A-Za-z][_A-Za-z0-9]*\)$/\1 \2 \2/p' | sed '/ __gnu_lto/d' \> conftest.nm
configure:7316: $? = 0
configure:7382: g++ -o conftest -O2 -Wall -std=c++11   conftest.cpp conftstm.o >&5
configure:7385: $? = 0
configure:7423: result: ok
configure:7470: checking for sysroot
configure:7500: result: no
configure:7507: checking for a working dd
configure:7545: result: /bin/dd
configure:7549: checking how to truncate binary pipes
configure:7564: result: /bin/dd bs=4096 count=1
configure:7701: g++ -c -O2 -Wall -std=c++11  conftest.cpp >&5
configure:7704: $? = 0
configure:7894: checking for mt
configure:7910: found /bin/mt
configure:7921: result: mt
configure:7944: checking if mt is a manifest tool
configure:7950: mt '-?'
configure:7958: result: no
configure:8635: checking how to run the C preprocessor
configure:8666: gcc -E  conftest.c
configure:8666: $? = 0
configure:8680: gcc -E  conftest.c
conftest.c:11:28: fatal error: ac_nonexistent.h: No such file or directory
 #include <ac_nonexistent.h>
                            ^
compilation terminated.
configure:8680: $? = 1
configure: failed program was:
| /* confdefs.h */
| #define PACKAGE_NAME "softsusy"
| #define PACKAGE_TARNAME "softsusy"
| #define PACKAGE_VERSION "4.1.4"
| #define PACKAGE_STRING "softsusy 4.1.4"
| #define PACKAGE_BUGREPORT "softsusy@projects.hepforge.org"
| #define PACKAGE_URL "http://softsusy.hepforge.org/"
| #define PACKAGE "softsusy"
| #define VERSION "4.1.4"
| /* end confdefs.h.  */
| #include <ac_nonexistent.h>
configure:8705: result: gcc -E
configure:8725: gcc -E  conftest.c
configure:8725: $? = 0
configure:8739: gcc -E  conftest.c
conftest.c:11:28: fatal error: ac_nonexistent.h: No such file or directory
 #include <ac_nonexistent.h>
                            ^
compilation terminated.
configure:8739: $? = 1
configure: failed program was:
| /* confdefs.h */
| #define PACKAGE_NAME "softsusy"
| #define PACKAGE_TARNAME "softsusy"
| #define PACKAGE_VERSION "4.1.4"
| #define PACKAGE_STRING "softsusy 4.1.4"
| #define PACKAGE_BUGREPORT "softsusy@projects.hepforge.org"
| #define PACKAGE_URL "http://softsusy.hepforge.org/"
| #define PACKAGE "softsusy"
| #define VERSION "4.1.4"
| /* end confdefs.h.  */
| #include <ac_nonexistent.h>
configure:8768: checking for ANSI C header files
configure:8788: gcc -c -O2 -Wall  conftest.c >&5
configure:8788: $? = 0
configure:8861: gcc -o conftest -O2 -Wall   conftest.c  >&5
configure:8861: $? = 0
configure:8861: ./conftest
configure:8861: $? = 0
configure:8872: result: yes
configure:8885: checking for sys/types.h
configure:8885: gcc -c -O2 -Wall  conftest.c >&5
configure:8885: $? = 0
configure:8885: result: yes
configure:8885: checking for sys/stat.h
configure:8885: gcc -c -O2 -Wall  conftest.c >&5
configure:8885: $? = 0
configure:8885: result: yes
configure:8885: checking for stdlib.h
configure:8885: gcc -c -O2 -Wall  conftest.c >&5
configure:8885: $? = 0
configure:8885: result: yes
configure:8885: checking for string.h
configure:8885: gcc -c -O2 -Wall  conftest.c >&5
configure:8885: $? = 0
configure:8885: result: yes
configure:8885: checking for memory.h
configure:8885: gcc -c -O2 -Wall  conftest.c >&5
configure:8885: $? = 0
configure:8885: result: yes
configure:8885: checking for strings.h
configure:8885: gcc -c -O2 -Wall  conftest.c >&5
configure:8885: $? = 0
configure:8885: result: yes
configure:8885: checking for inttypes.h
configure:8885: gcc -c -O2 -Wall  conftest.c >&5
configure:8885: $? = 0
configure:8885: result: yes
configure:8885: checking for stdint.h
configure:8885: gcc -c -O2 -Wall  conftest.c >&5
configure:8885: $? = 0
configure:8885: result: yes
configure:8885: checking for unistd.h
configure:8885: gcc -c -O2 -Wall  conftest.c >&5
configure:8885: $? = 0
configure:8885: result: yes
configure:8899: checking for dlfcn.h
configure:8899: gcc -c -O2 -Wall  conftest.c >&5
configure:8899: $? = 0
configure:8899: result: yes
configure:9165: checking for objdir
configure:9180: result: .libs
configure:9444: checking if gcc supports -fno-rtti -fno-exceptions
configure:9462: gcc -c -O2 -Wall  -fno-rtti -fno-exceptions conftest.c >&5
cc1: warning: command line option '-fno-rtti' is valid for C++/ObjC++ but not for C
configure:9466: $? = 0
configure:9479: result: no
configure:9837: checking for gcc option to produce PIC
configure:9844: result: -fPIC -DPIC
configure:9852: checking if gcc PIC flag -fPIC -DPIC works
configure:9870: gcc -c -O2 -Wall  -fPIC -DPIC -DPIC conftest.c >&5
configure:9874: $? = 0
configure:9887: result: yes
configure:9916: checking if gcc static flag -static works
configure:9944: result: yes
configure:9959: checking if gcc supports -c -o file.o
configure:9980: gcc -c -O2 -Wall  -o out/conftest2.o conftest.c >&5
configure:9984: $? = 0
configure:10006: result: yes
configure:10014: checking if gcc supports -c -o file.o
configure:10061: result: yes
configure:10094: checking whether the gcc linker (/usr/bin/ld -m elf_x86_64) supports shared libraries
configure:11357: result: yes
configure:11394: checking whether -lc should be explicitly linked in
configure:11402: gcc -c -O2 -Wall  conftest.c >&5
configure:11405: $? = 0
configure:11420: gcc -shared  -fPIC -DPIC conftest.o  -v -Wl,-soname -Wl,conftest -o conftest 2\>\&1 \| /bin/grep  -lc  \>/dev/null 2\>\&1
configure:11423: $? = 0
configure:11437: result: no
configure:11597: checking dynamic linker characteristics
configure:12178: gcc -o conftest -O2 -Wall   -Wl,-rpath -Wl,/foo conftest.c  >&5
configure:12178: $? = 0
configure:12427: result: GNU/Linux ld.so
configure:12549: checking how to hardcode library paths into programs
configure:12574: result: immediate
configure:13122: checking whether stripping libraries is possible
configure:13127: result: yes
configure:13162: checking if libtool supports shared libraries
configure:13164: result: yes
configure:13167: checking whether to build shared libraries
configure:13192: result: yes
configure:13195: checking whether to build static libraries
configure:13199: result: yes
configure:13222: checking how to run the C++ preprocessor
configure:13249: g++ -E  conftest.cpp
configure:13249: $? = 0
configure:13263: g++ -E  conftest.cpp
conftest.cpp:23:28: fatal error: ac_nonexistent.h: No such file or directory
 #include <ac_nonexistent.h>
                            ^
compilation terminated.
configure:13263: $? = 1
configure: failed program was:
| /* confdefs.h */
| #define PACKAGE_NAME "softsusy"
| #define PACKAGE_TARNAME "softsusy"
| #define PACKAGE_VERSION "4.1.4"
| #define PACKAGE_STRING "softsusy 4.1.4"
| #define PACKAGE_BUGREPORT "softsusy@projects.hepforge.org"
| #define PACKAGE_URL "http://softsusy.hepforge.org/"
| #define PACKAGE "softsusy"
| #define VERSION "4.1.4"
| #define STDC_HEADERS 1
| #define HAVE_SYS_TYPES_H 1
| #define HAVE_SYS_STAT_H 1
| #define HAVE_STDLIB_H 1
| #define HAVE_STRING_H 1
| #define HAVE_MEMORY_H 1
| #define HAVE_STRINGS_H 1
| #define HAVE_INTTYPES_H 1
| #define HAVE_STDINT_H 1
| #define HAVE_UNISTD_H 1
| #define HAVE_DLFCN_H 1
| #define LT_OBJDIR ".libs/"
| /* end confdefs.h.  */
| #include <ac_nonexistent.h>
configure:13288: result: g++ -E
configure:13308: g++ -E  conftest.cpp
configure:13308: $? = 0
configure:13322: g++ -E  conftest.cpp
conftest.cpp:23:28: fatal error: ac_nonexistent.h: No such file or directory
 #include <ac_nonexistent.h>
                            ^
compilation terminated.
configure:13322: $? = 1
configure: failed program was:
| /* confdefs.h */
| #define PACKAGE_NAME "softsusy"
| #define PACKAGE_TARNAME "softsusy"
| #define PACKAGE_VERSION "4.1.4"
| #define PACKAGE_STRING "softsusy 4.1.4"
| #define PACKAGE_BUGREPORT "softsusy@projects.hepforge.org"
| #define PACKAGE_URL "http://softsusy.hepforge.org/"
| #define PACKAGE "softsusy"
| #define VERSION "4.1.4"
| #define STDC_HEADERS 1
| #define HAVE_SYS_TYPES_H 1
| #define HAVE_SYS_STAT_H 1
| #define HAVE_STDLIB_H 1
| #define HAVE_STRING_H 1
| #define HAVE_MEMORY_H 1
| #define HAVE_STRINGS_H 1
| #define HAVE_INTTYPES_H 1
| #define HAVE_STDINT_H 1
| #define HAVE_UNISTD_H 1
| #define HAVE_DLFCN_H 1
| #define LT_OBJDIR ".libs/"
| /* end confdefs.h.  */
| #include <ac_nonexistent.h>
configure:13484: checking for ld used by g++
configure:13551: result: /usr/bin/ld -m elf_x86_64
configure:13558: checking if the linker (/usr/bin/ld -m elf_x86_64) is GNU ld
configure:13573: result: yes
configure:13628: checking whether the g++ linker (/usr/bin/ld -m elf_x86_64) supports shared libraries
configure:14701: result: yes
configure:14737: g++ -c -O2 -Wall -std=c++11  conftest.cpp >&5
configure:14740: $? = 0
configure:15221: checking for g++ option to produce PIC
configure:15228: result: -fPIC -DPIC
configure:15236: checking if g++ PIC flag -fPIC -DPIC works
configure:15254: g++ -c -O2 -Wall -std=c++11  -fPIC -DPIC -DPIC conftest.cpp >&5
configure:15258: $? = 0
configure:15271: result: yes
configure:15294: checking if g++ static flag -static works
configure:15322: result: yes
configure:15334: checking if g++ supports -c -o file.o
configure:15355: g++ -c -O2 -Wall -std=c++11  -o out/conftest2.o conftest.cpp >&5
configure:15359: $? = 0
configure:15381: result: yes
configure:15386: checking if g++ supports -c -o file.o
configure:15433: result: yes
configure:15463: checking whether the g++ linker (/usr/bin/ld -m elf_x86_64) supports shared libraries
configure:15506: result: yes
configure:15647: checking dynamic linker characteristics
configure:16404: result: GNU/Linux ld.so
configure:16469: checking how to hardcode library paths into programs
configure:16494: result: immediate
configure:16635: checking if libtool supports shared libraries
configure:16637: result: yes
configure:16640: checking whether to build shared libraries
configure:16664: result: yes
configure:16667: checking whether to build static libraries
configure:16671: result: yes
configure:17023: checking for f77 option to produce PIC
configure:17030: result: -fPIC
configure:17038: checking if f77 PIC flag -fPIC works
configure:17056: f77 -c -O2 -Wall -fPIC conftest.f >&5
configure:17060: $? = 0
configure:17073: result: yes
configure:17096: checking if f77 static flag -static works
configure:17124: result: yes
configure:17136: checking if f77 supports -c -o file.o
configure:17157: f77 -c -O2 -Wall -o out/conftest2.o conftest.f >&5
configure:17161: $? = 0
configure:17183: result: yes
configure:17188: checking if f77 supports -c -o file.o
configure:17235: result: yes
configure:17265: checking whether the f77 linker (/usr/bin/ld -m elf_x86_64) supports shared libraries
configure:18478: result: yes
configure:18619: checking dynamic linker characteristics
configure:19370: result: GNU/Linux ld.so
configure:19435: checking how to hardcode library paths into programs
configure:19460: result: immediate
configure:19930: checking that generated files are newer than configure
configure:19936: result: done
configure:19979: creating ./config.status

## ---------------------- ##
## Running config.status. ##
## ---------------------- ##

This file was extended by softsusy config.status 4.1.4, which was
generated by GNU Autoconf 2.69.  Invocation command line was

  CONFIG_FILES    = 
  CONFIG_HEADERS  = 
  CONFIG_LINKS    = 
  CONFIG_COMMANDS = 
  $ ./config.status 

on oleander

config.status:1216: creating Makefile
config.status:1216: creating Config/config.h
config.status:1397: Config/config.h is unchanged
config.status:1445: executing depfiles commands
config.status:1445: executing libtool commands

## ---------------- ##
## Cache variables. ##
## ---------------- ##

ac_cv_build=x86_64-pc-linux-gnu
ac_cv_c_compiler_gnu=yes
ac_cv_cxx_compiler_gnu=yes
ac_cv_env_CCC_set=
ac_cv_env_CCC_value=
ac_cv_env_CC_set=
ac_cv_env_CC_value=
ac_cv_env_CFLAGS_set=
ac_cv_env_CFLAGS_value=
ac_cv_env_CPPFLAGS_set=
ac_cv_env_CPPFLAGS_value=
ac_cv_env_CPP_set=
ac_cv_env_CPP_value=
ac_cv_env_CXXCPP_set=
ac_cv_env_CXXCPP_value=
ac_cv_env_CXXFLAGS_set=
ac_cv_env_CXXFLAGS_value=
ac_cv_env_CXX_set=
ac_cv_env_CXX_value=
ac_cv_env_F77_set=
ac_cv_env_F77_value=
ac_cv_env_FFLAGS_set=
ac_cv_env_FFLAGS_value=
ac_cv_env_LDFLAGS_set=
ac_cv_env_LDFLAGS_value=
ac_cv_env_LIBS_set=
ac_cv_env_LIBS_value=
ac_cv_env_LT_SYS_LIBRARY_PATH_set=
ac_cv_env_LT_SYS_LIBRARY_PATH_value=
ac_cv_env_build_alias_set=
ac_cv_env_build_alias_value=
ac_cv_env_host_alias_set=
ac_cv_env_host_alias_value=
ac_cv_env_target_alias_set=
ac_cv_env_target_alias_value=
ac_cv_f77_compiler_gnu=yes
ac_cv_f77_libs=' -L/usr/lib/gcc/x86_64-linux-gnu/6 -L/usr/lib/gcc/x86_64-linux-gnu/6/../../../x86_64-linux-gnu -L/usr/lib/gcc/x86_64-linux-gnu/6/../../../../lib -L/lib/x86_64-linux-gnu -L/lib/../lib -L/usr/lib/x86_64-linux-gnu -L/usr/lib/../lib -L/usr/lib/gcc/x86_64-linux-gnu/6/../../.. -lgfortran -lm -lquadmath'
ac_cv_header_dlfcn_h=yes
ac_cv_header_inttypes_h=yes
ac_cv_header_memory_h=yes
ac_cv_header_stdc=yes
ac_cv_header_stdint_h=yes
ac_cv_header_stdlib_h=yes
ac_cv_header_string_h=yes
ac_cv_header_strings_h=yes
ac_cv_header_sys_stat_h=yes
ac_cv_header_sys_types_h=yes
ac_cv_header_unistd_h=yes
ac_cv_host=x86_64-pc-linux-gnu
ac_cv_objext=o
ac_cv_path_EGREP='/bin/grep -E'
ac_cv_path_FGREP='/bin/grep -F'
ac_cv_path_GREP=/bin/grep
ac_cv_path_SED=/bin/sed
ac_cv_path_install='/usr/bin/install -c'
ac_cv_path_lt_DD=/bin/dd
ac_cv_path_mkdir=/bin/mkdir
ac_cv_prog_AWK=gawk
ac_cv_prog_CPP='gcc -E'
ac_cv_prog_CXXCPP='g++ -E'
ac_cv_prog_ac_ct_AR=ar
ac_cv_prog_ac_ct_CC=gcc
ac_cv_prog_ac_ct_CXX=g++
ac_cv_prog_ac_ct_F77=f77
ac_cv_prog_ac_ct_MANIFEST_TOOL=mt
ac_cv_prog_ac_ct_OBJDUMP=objdump
ac_cv_prog_ac_ct_RANLIB=ranlib
ac_cv_prog_ac_ct_STRIP=strip
ac_cv_prog_cc_c89=
ac_cv_prog_cc_g=yes
ac_cv_prog_cxx_g=yes
ac_cv_prog_f77_g=yes
ac_cv_prog_f77_v=-v
ac_cv_prog_make_make_set=yes
am_cv_CC_dependencies_compiler_type=gcc3
am_cv_CXX_dependencies_compiler_type=gcc3
am_cv_make_support_nested_variables=yes
am_cv_prog_cc_c_o=yes
lt_cv_ar_at_file=@
lt_cv_archive_cmds_need_lc=no
lt_cv_deplibs_check_method=pass_all
lt_cv_file_magic_cmd='$MAGIC_CMD'
lt_cv_file_magic_test_file=
lt_cv_ld_reload_flag=-r
lt_cv_nm_interface='BSD nm'
lt_cv_objdir=.libs
lt_cv_path_LD=/usr/bin/ld
lt_cv_path_LDCXX='/usr/bin/ld -m elf_x86_64'
lt_cv_path_NM='/usr/bin/nm -B'
lt_cv_path_mainfest_tool=no
lt_cv_prog_compiler_c_o=yes
lt_cv_prog_compiler_c_o_CXX=yes
lt_cv_prog_compiler_c_o_F77=yes
lt_cv_prog_compiler_pic='-fPIC -DPIC'
lt_cv_prog_compiler_pic_CXX='-fPIC -DPIC'
lt_cv_prog_compiler_pic_F77=-fPIC
lt_cv_prog_compiler_pic_works=yes
lt_cv_prog_compiler_pic_works_CXX=yes
lt_cv_prog_compiler_pic_works_F77=yes
lt_cv_prog_compiler_rtti_exceptions=no
lt_cv_prog_compiler_static_works=yes
lt_cv_prog_compiler_static_works_CXX=yes
lt_cv_prog_compiler_static_works_F77=yes
lt_cv_prog_gnu_ld=yes
lt_cv_prog_gnu_ldcxx=yes
lt_cv_sharedlib_from_linklib_cmd='printf %s\n'
lt_cv_shlibpath_overrides_runpath=yes
lt_cv_sys_global_symbol_pipe='sed -n -e '\''s/^.*[	 ]\([ABCDGIRSTW][ABCDGIRSTW]*\)[	 ][	 ]*\([_A-Za-z][_A-Za-z0-9]*\)$/\1 \2 \2/p'\'' | sed '\''/ __gnu_lto/d'\'''
lt_cv_sys_global_symbol_to_c_name_address='sed -n -e '\''s/^: \(.*\) .*$/  {"\1", (void *) 0},/p'\'' -e '\''s/^[ABCDGIRSTW][ABCDGIRSTW]* .* \(.*\)$/  {"\1", (void *) \&\1},/p'\'''
lt_cv_sys_global_symbol_to_c_name_address_lib_prefix='sed -n -e '\''s/^: \(.*\) .*$/  {"\1", (void *) 0},/p'\'' -e '\''s/^[ABCDGIRSTW][ABCDGIRSTW]* .* \(lib.*\)$/  {"\1", (void *) \&\1},/p'\'' -e '\''s/^[ABCDGIRSTW][ABCDGIRSTW]* .* \(.*\)$/  {"lib\1", (void *) \&\1},/p'\'''
lt_cv_sys_global_symbol_to_cdecl='sed -n -e '\''s/^T .* \(.*\)$/extern int \1();/p'\'' -e '\''s/^[ABCDGIRSTW][ABCDGIRSTW]* .* \(.*\)$/extern char \1;/p'\'''
lt_cv_sys_global_symbol_to_import=
lt_cv_sys_max_cmd_len=1572864
lt_cv_to_host_file_cmd=func_convert_file_noop
lt_cv_to_tool_file_cmd=func_convert_file_noop
lt_cv_truncate_bin='/bin/dd bs=4096 count=1'

## ----------------- ##
## Output variables. ##
## ----------------- ##

ACLOCAL='${SHELL} /afs/physics.wisc.edu/home/arock3/Research/FlavoredGMfiles/Todd/softsusy-4.1.4-Garon/Config/missing aclocal-1.15'
AMDEPBACKSLASH='\'
AMDEP_FALSE='#'
AMDEP_TRUE=''
AMTAR='$${TAR-tar}'
AM_BACKSLASH='\'
AM_DEFAULT_V='$(AM_DEFAULT_VERBOSITY)'
AM_DEFAULT_VERBOSITY='1'
AM_V='$(V)'
AR='ar'
AUTOCONF='${SHELL} /afs/physics.wisc.edu/home/arock3/Research/FlavoredGMfiles/Todd/softsusy-4.1.4-Garon/Config/missing autoconf'
AUTOHEADER='${SHELL} /afs/physics.wisc.edu/home/arock3/Research/FlavoredGMfiles/Todd/softsusy-4.1.4-Garon/Config/missing autoheader'
AUTOMAKE='${SHELL} /afs/physics.wisc.edu/home/arock3/Research/FlavoredGMfiles/Todd/softsusy-4.1.4-Garon/Config/missing automake-1.15'
AWK='gawk'
CC='gcc'
CCDEPMODE='depmode=gcc3'
CFLAGS='-O2 -Wall'
COMPILE_TWO_LOOP_GAUGE_YUKAWA_FALSE='#'
COMPILE_TWO_LOOP_GAUGE_YUKAWA_TRUE=''
CPP='gcc -E'
CPPFLAGS=''
CXX='g++'
CXXCPP='g++ -E'
CXXDEPMODE='depmode=gcc3'
CXXFLAGS='-O2 -Wall -std=c++11'
CYGPATH_W='echo'
DEFS='-DHAVE_CONFIG_H'
DEPDIR='.deps'
DLLTOOL='false'
DSYMUTIL=''
DUMPBIN=''
ECHO_C=''
ECHO_N='-n'
ECHO_T=''
EGREP='/bin/grep -E'
ENABLE_GSL_FALSE=''
ENABLE_GSL_TRUE='#'
ENABLE_HIMALAYA_FALSE=''
ENABLE_HIMALAYA_TRUE='#'
EXEEXT=''
F77='f77'
FFLAGS='-O2 -Wall'
FGREP='/bin/grep -F'
FLIBS=' -L/usr/lib/gcc/x86_64-linux-gnu/6 -L/usr/lib/gcc/x86_64-linux-gnu/6/../../../x86_64-linux-gnu -L/usr/lib/gcc/x86_64-linux-gnu/6/../../../../lib -L/lib/x86_64-linux-gnu -L/lib/../lib -L/usr/lib/x86_64-linux-gnu -L/usr/lib/../lib -L/usr/lib/gcc/x86_64-linux-gnu/6/../../.. -lgfortran -lm -lquadmath'
GREP='/bin/grep'
INSTALL_DATA='${INSTALL} -m 644'
INSTALL_PROGRAM='${INSTALL}'
INSTALL_SCRIPT='${INSTALL}'
INSTALL_STRIP_PROGRAM='$(install_sh) -c -s'
LD='/usr/bin/ld -m elf_x86_64'
LDFLAGS=''
LIBOBJS=''
LIBS=''
LIBTOOL='$(SHELL) $(top_builddir)/libtool'
LIPO=''
LN_S='ln -s'
LOOPTOOLS_FALSE=''
LOOPTOOLS_TRUE='#'
LTLIBOBJS=''
LT_SYS_LIBRARY_PATH=''
MAKEINFO='${SHELL} /afs/physics.wisc.edu/home/arock3/Research/FlavoredGMfiles/Todd/softsusy-4.1.4-Garon/Config/missing makeinfo'
MANIFEST_TOOL=':'
MKDIR_P='/bin/mkdir -p'
NM='/usr/bin/nm -B'
NMEDIT=''
OBJDUMP='objdump'
OBJEXT='o'
OTOOL64=''
OTOOL=''
PACKAGE='softsusy'
PACKAGE_BUGREPORT='softsusy@projects.hepforge.org'
PACKAGE_NAME='softsusy'
PACKAGE_STRING='softsusy 4.1.4'
PACKAGE_TARNAME='softsusy'
PACKAGE_URL='http://softsusy.hepforge.org/'
PACKAGE_VERSION='4.1.4'
PATH_SEPARATOR=':'
RANLIB='ranlib'
SED='/bin/sed'
SET_MAKE=''
SHELL='/bin/bash'
STRIP='strip'
VERSION='4.1.4'
ac_ct_AR='ar'
ac_ct_CC='gcc'
ac_ct_CXX='g++'
ac_ct_DUMPBIN=''
ac_ct_F77='f77'
am__EXEEXT_FALSE=''
am__EXEEXT_TRUE='#'
am__fastdepCC_FALSE='#'
am__fastdepCC_TRUE=''
am__fastdepCXX_FALSE='#'
am__fastdepCXX_TRUE=''
am__include='include'
am__isrc=''
am__leading_dot='.'
am__nodep='_no'
am__quote=''
am__tar='$${TAR-tar} chof - "$$tardir"'
am__untar='$${TAR-tar} xf -'
bindir='${exec_prefix}/bin'
build='x86_64-pc-linux-gnu'
build_alias=''
build_cpu='x86_64'
build_os='linux-gnu'
build_vendor='pc'
datadir='${datarootdir}'
datarootdir='${prefix}/share'
docdir='${datarootdir}/doc/${PACKAGE_TARNAME}'
dvidir='${docdir}'
exec_prefix='${prefix}'
host='x86_64-pc-linux-gnu'
host_alias=''
host_cpu='x86_64'
host_os='linux-gnu'
host_vendor='pc'
htmldir='${docdir}'
includedir='${prefix}/include'
infodir='${datarootdir}/info'
install_sh='${SHELL} /afs/physics.wisc.edu/home/arock3/Research/FlavoredGMfiles/Todd/softsusy-4.1.4-Garon/Config/install-sh'
libdir='${exec_prefix}/lib'
libexecdir='${exec_prefix}/libexec'
localedir='${datarootdir}/locale'
localstatedir='${prefix}/var'
mandir='${datarootdir}/man'
mkdir_p='$(MKDIR_P)'
oldincludedir='/usr/include'
pdfdir='${docdir}'
prefix='/usr/local'
program_transform_name='s,x,x,'
psdir='${docdir}'
runstatedir='${localstatedir}/run'
sbindir='${exec_prefix}/sbin'
sharedstatedir='${prefix}/com'
sysconfdir='${prefix}/etc'
target_alias=''

## ----------- ##
## confdefs.h. ##
## ----------- ##

/* confdefs.h */
#define PACKAGE_NAME "softsusy"
#define PACKAGE_TARNAME "softsusy"
#define PACKAGE_VERSION "4.1.4"
#define PACKAGE_STRING "softsusy 4.1.4"
#define PACKAGE_BUGREPORT "softsusy@projects.hepforge.org"
#define PACKAGE_URL "http://softsusy.hepforge.org/"
#define PACKAGE "softsusy"
#define VERSION "4.1.4"
#define STDC_HEADERS 1
#define HAVE_SYS_TYPES_H 1
#define HAVE_SYS_STAT_H 1
#define HAVE_STDLIB_H 1
#define HAVE_STRING_H 1
#define HAVE_MEMORY_H 1
#define HAVE_STRINGS_H 1
#define HAVE_INTTYPES_H 1
#define HAVE_STDINT_H 1
#define HAVE_UNISTD_H 1
#define HAVE_DLFCN_H 1
#define LT_OBJDIR ".libs/"
#define COMPILE_TWO_LOOP_GAUGE_YUKAWA 1

configure: exit 0
