The system is: Darwin - 17.6.0 - x86_64
Compiling the CXX compiler identification source file "CMakeCXXCompilerId.cpp" succeeded.
Compiler: /Applications/Xcode.app/Contents/Developer/Toolchains/XcodeDefault.xctoolchain/usr/bin/c++ 
Build flags: 
Id flags:  

The output was:
0


Compilation of the CXX compiler identification source "CMakeCXXCompilerId.cpp" produced "a.out"

The CXX compiler identification is AppleClang, found in "/Users/todd/Downloads/softsusy-4.1.4 2/src/Himalaya-1.0.0/CMakeFiles/3.12.0/CompilerIdCXX/a.out"

Compiling the Fortran compiler identification source file "CMakeFortranCompilerId.F" succeeded.
Compiler: /usr/local/bin/gfortran 
Build flags: 
Id flags: -v 

The output was:
0
Driving: /usr/local/bin/gfortran -v CMakeFortranCompilerId.F -mmacosx-version-min=10.13.0 -asm_macosx_version_min=10.13 -l gfortran -shared-libgcc
Using built-in specs.
COLLECT_GCC=/usr/local/bin/gfortran
COLLECT_LTO_WRAPPER=/usr/local/Cellar/gcc/8.1.0/libexec/gcc/x86_64-apple-darwin17.6.0/8.1.0/lto-wrapper
Target: x86_64-apple-darwin17.6.0
Configured with: ../configure --build=x86_64-apple-darwin17.6.0 --prefix=/usr/local/Cellar/gcc/8.1.0 --libdir=/usr/local/Cellar/gcc/8.1.0/lib/gcc/8 --enable-languages=c,c++,objc,obj-c++,fortran --program-suffix=-8 --with-gmp=/usr/local/opt/gmp --with-mpfr=/usr/local/opt/mpfr --with-mpc=/usr/local/opt/libmpc --with-isl=/usr/local/opt/isl --with-system-zlib --enable-checking=release --with-pkgversion='Homebrew GCC 8.1.0' --with-bugurl=https://github.com/Homebrew/homebrew-core/issues --disable-nls --with-native-system-header-dir=/usr/include --with-sysroot=/Applications/Xcode.app/Contents/Developer/Platforms/MacOSX.platform/Developer/SDKs/MacOSX10.13.sdk
Thread model: posix
gcc version 8.1.0 (Homebrew GCC 8.1.0) 
COLLECT_GCC_OPTIONS='-v' '-mmacosx-version-min=10.13.0' '-asm_macosx_version_min=10.13' '-shared-libgcc' '-mtune=core2'
 /usr/local/Cellar/gcc/8.1.0/libexec/gcc/x86_64-apple-darwin17.6.0/8.1.0/f951 CMakeFortranCompilerId.F -ffixed-form -cpp=/var/folders/d6/brrdgfwd6vg3gyyxyvv95r6c0000gn/T//ccLLHLLs.f90 -quiet -v -D__DYNAMIC__ CMakeFortranCompilerId.F -fPIC -quiet -dumpbase CMakeFortranCompilerId.F -mmacosx-version-min=10.13.0 -mtune=core2 -auxbase CMakeFortranCompilerId -version -fintrinsic-modules-path /usr/local/Cellar/gcc/8.1.0/lib/gcc/8/gcc/x86_64-apple-darwin17.6.0/8.1.0/finclude -o /var/folders/d6/brrdgfwd6vg3gyyxyvv95r6c0000gn/T//ccGbbwgG.s
GNU Fortran (Homebrew GCC 8.1.0) version 8.1.0 (x86_64-apple-darwin17.6.0)
	compiled by GNU C version 8.1.0, GMP version 6.1.2, MPFR version 4.0.1, MPC version 1.1.0, isl version isl-0.19-GMP

GGC heuristics: --param ggc-min-expand=100 --param ggc-min-heapsize=131072
ignoring nonexistent directory "/Applications/Xcode.app/Contents/Developer/Platforms/MacOSX.platform/Developer/SDKs/MacOSX10.13.sdk/usr/local/include"
ignoring nonexistent directory "/usr/local/Cellar/gcc/8.1.0/lib/gcc/8/gcc/x86_64-apple-darwin17.6.0/8.1.0/../../../../../../x86_64-apple-darwin17.6.0/include"
#include "..." search starts here:
#include <...> search starts here:
 /usr/local/Cellar/gcc/8.1.0/lib/gcc/8/gcc/x86_64-apple-darwin17.6.0/8.1.0/finclude
 /usr/local/Cellar/gcc/8.1.0/lib/gcc/8/gcc/x86_64-apple-darwin17.6.0/8.1.0/include
 /usr/local/Cellar/gcc/8.1.0/lib/gcc/8/gcc/x86_64-apple-darwin17.6.0/8.1.0/include-fixed
 /Applications/Xcode.app/Contents/Developer/Platforms/MacOSX.platform/Developer/SDKs/MacOSX10.13.sdk/usr/include
End of search list.
GNU Fortran2008 (Homebrew GCC 8.1.0) version 8.1.0 (x86_64-apple-darwin17.6.0)
	compiled by GNU C version 8.1.0, GMP version 6.1.2, MPFR version 4.0.1, MPC version 1.1.0, isl version isl-0.19-GMP

GGC heuristics: --param ggc-min-expand=100 --param ggc-min-heapsize=131072
COLLECT_GCC_OPTIONS='-v' '-mmacosx-version-min=10.13.0'  '-shared-libgcc' '-mtune=core2'
 as -arch x86_64 -v -force_cpusubtype_ALL -mmacosx-version-min=10.13 -o /var/folders/d6/brrdgfwd6vg3gyyxyvv95r6c0000gn/T//ccSvwdM2.o /var/folders/d6/brrdgfwd6vg3gyyxyvv95r6c0000gn/T//ccGbbwgG.s
Apple LLVM version 9.1.0 (clang-902.0.39.1)
Target: x86_64-apple-darwin17.6.0
Thread model: posix
InstalledDir: /Applications/Xcode.app/Contents/Developer/Toolchains/XcodeDefault.xctoolchain/usr/bin
 "/Applications/Xcode.app/Contents/Developer/Toolchains/XcodeDefault.xctoolchain/usr/bin/clang" -cc1as -triple x86_64-apple-macosx10.13.0 -filetype obj -main-file-name ccGbbwgG.s -target-cpu penryn -fdebug-compilation-dir /Users/todd/Downloads/softsusy-4.1.4 2/src/Himalaya-1.0.0/CMakeFiles/3.12.0/CompilerIdFortran -dwarf-debug-producer Apple LLVM version 9.1.0 (clang-902.0.39.1) -dwarf-version=4 -mrelocation-model pic -o /var/folders/d6/brrdgfwd6vg3gyyxyvv95r6c0000gn/T//ccSvwdM2.o /var/folders/d6/brrdgfwd6vg3gyyxyvv95r6c0000gn/T//ccGbbwgG.s
Reading specs from /usr/local/Cellar/gcc/8.1.0/lib/gcc/8/gcc/x86_64-apple-darwin17.6.0/8.1.0/../../../libgfortran.spec
rename spec lib to liborig
COLLECT_GCC_OPTIONS='-v' '-mmacosx-version-min=10.13.0'  '-shared-libgcc' '-mtune=core2'
COMPILER_PATH=/usr/local/Cellar/gcc/8.1.0/libexec/gcc/x86_64-apple-darwin17.6.0/8.1.0/:/usr/local/Cellar/gcc/8.1.0/libexec/gcc/x86_64-apple-darwin17.6.0/8.1.0/:/usr/local/Cellar/gcc/8.1.0/libexec/gcc/x86_64-apple-darwin17.6.0/:/usr/local/Cellar/gcc/8.1.0/lib/gcc/8/gcc/x86_64-apple-darwin17.6.0/8.1.0/:/usr/local/Cellar/gcc/8.1.0/lib/gcc/8/gcc/x86_64-apple-darwin17.6.0/
LIBRARY_PATH=/usr/local/Cellar/gcc/8.1.0/lib/gcc/8/gcc/x86_64-apple-darwin17.6.0/8.1.0/:/usr/local/Cellar/gcc/8.1.0/lib/gcc/8/gcc/x86_64-apple-darwin17.6.0/8.1.0/../../../
COLLECT_GCC_OPTIONS='-v' '-mmacosx-version-min=10.13.0'  '-shared-libgcc' '-mtune=core2'
 /usr/local/Cellar/gcc/8.1.0/libexec/gcc/x86_64-apple-darwin17.6.0/8.1.0/collect2 -syslibroot /Applications/Xcode.app/Contents/Developer/Platforms/MacOSX.platform/Developer/SDKs/MacOSX10.13.sdk/ -dynamic -arch x86_64 -macosx_version_min 10.13.0 -weak_reference_mismatches non-weak -o a.out -L/usr/local/Cellar/gcc/8.1.0/lib/gcc/8/gcc/x86_64-apple-darwin17.6.0/8.1.0 -L/usr/local/Cellar/gcc/8.1.0/lib/gcc/8/gcc/x86_64-apple-darwin17.6.0/8.1.0/../../.. /var/folders/d6/brrdgfwd6vg3gyyxyvv95r6c0000gn/T//ccSvwdM2.o -lgfortran -no_compact_unwind -lSystem -lgcc_ext.10.5 -lgcc -lquadmath -lm -lgcc_ext.10.5 -lgcc -lSystem -v
collect2 version 8.1.0
/usr/bin/ld -syslibroot /Applications/Xcode.app/Contents/Developer/Platforms/MacOSX.platform/Developer/SDKs/MacOSX10.13.sdk/ -dynamic -arch x86_64 -macosx_version_min 10.13.0 -weak_reference_mismatches non-weak -o a.out -L/usr/local/Cellar/gcc/8.1.0/lib/gcc/8/gcc/x86_64-apple-darwin17.6.0/8.1.0 -L/usr/local/Cellar/gcc/8.1.0/lib/gcc/8/gcc/x86_64-apple-darwin17.6.0/8.1.0/../../.. /var/folders/d6/brrdgfwd6vg3gyyxyvv95r6c0000gn/T//ccSvwdM2.o -lgfortran -no_compact_unwind -lSystem -lgcc_ext.10.5 -lgcc -lquadmath -lm -lgcc_ext.10.5 -lgcc -lSystem -v
@(#)PROGRAM:ld  PROJECT:ld64-351.8
configured to support archs: armv6 armv7 armv7s arm64 i386 x86_64 x86_64h armv6m armv7k armv7m armv7em (tvOS)
Library search paths:
	/usr/local/Cellar/gcc/8.1.0/lib/gcc/8/gcc/x86_64-apple-darwin17.6.0/8.1.0
	/usr/local/Cellar/gcc/8.1.0/lib/gcc/8
	/Applications/Xcode.app/Contents/Developer/Platforms/MacOSX.platform/Developer/SDKs/MacOSX10.13.sdk/usr/lib
Framework search paths:
	/Applications/Xcode.app/Contents/Developer/Platforms/MacOSX.platform/Developer/SDKs/MacOSX10.13.sdk/System/Library/Frameworks/
 /usr/bin/nm -n /var/folders/d6/brrdgfwd6vg3gyyxyvv95r6c0000gn/T//ccSvwdM2.o


Compilation of the Fortran compiler identification source "CMakeFortranCompilerId.F" produced "a.out"

The Fortran compiler identification is GNU, found in "/Users/todd/Downloads/softsusy-4.1.4 2/src/Himalaya-1.0.0/CMakeFiles/3.12.0/CompilerIdFortran/a.out"

Determining if the CXX compiler works passed with the following output:
Change Dir: /Users/todd/Downloads/softsusy-4.1.4 2/src/Himalaya-1.0.0/CMakeFiles/CMakeTmp

Run Build Command:"/usr/bin/make" "cmTC_84f23/fast"
/Applications/Xcode.app/Contents/Developer/usr/bin/make -f CMakeFiles/cmTC_84f23.dir/build.make CMakeFiles/cmTC_84f23.dir/build
Building CXX object CMakeFiles/cmTC_84f23.dir/testCXXCompiler.cxx.o
/Applications/Xcode.app/Contents/Developer/Toolchains/XcodeDefault.xctoolchain/usr/bin/c++    -isysroot /Applications/Xcode.app/Contents/Developer/Platforms/MacOSX.platform/Developer/SDKs/MacOSX10.13.sdk   -o CMakeFiles/cmTC_84f23.dir/testCXXCompiler.cxx.o -c "/Users/todd/Downloads/softsusy-4.1.4 2/src/Himalaya-1.0.0/CMakeFiles/CMakeTmp/testCXXCompiler.cxx"
Linking CXX executable cmTC_84f23
/usr/local/Cellar/cmake/3.12.0/bin/cmake -E cmake_link_script CMakeFiles/cmTC_84f23.dir/link.txt --verbose=1
/Applications/Xcode.app/Contents/Developer/Toolchains/XcodeDefault.xctoolchain/usr/bin/c++    -isysroot /Applications/Xcode.app/Contents/Developer/Platforms/MacOSX.platform/Developer/SDKs/MacOSX10.13.sdk -Wl,-search_paths_first -Wl,-headerpad_max_install_names   CMakeFiles/cmTC_84f23.dir/testCXXCompiler.cxx.o  -o cmTC_84f23 


Detecting CXX compiler ABI info compiled with the following output:
Change Dir: /Users/todd/Downloads/softsusy-4.1.4 2/src/Himalaya-1.0.0/CMakeFiles/CMakeTmp

Run Build Command:"/usr/bin/make" "cmTC_a3c57/fast"
/Applications/Xcode.app/Contents/Developer/usr/bin/make -f CMakeFiles/cmTC_a3c57.dir/build.make CMakeFiles/cmTC_a3c57.dir/build
Building CXX object CMakeFiles/cmTC_a3c57.dir/CMakeCXXCompilerABI.cpp.o
/Applications/Xcode.app/Contents/Developer/Toolchains/XcodeDefault.xctoolchain/usr/bin/c++    -isysroot /Applications/Xcode.app/Contents/Developer/Platforms/MacOSX.platform/Developer/SDKs/MacOSX10.13.sdk   -o CMakeFiles/cmTC_a3c57.dir/CMakeCXXCompilerABI.cpp.o -c /usr/local/Cellar/cmake/3.12.0/share/cmake/Modules/CMakeCXXCompilerABI.cpp
Linking CXX executable cmTC_a3c57
/usr/local/Cellar/cmake/3.12.0/bin/cmake -E cmake_link_script CMakeFiles/cmTC_a3c57.dir/link.txt --verbose=1
/Applications/Xcode.app/Contents/Developer/Toolchains/XcodeDefault.xctoolchain/usr/bin/c++    -isysroot /Applications/Xcode.app/Contents/Developer/Platforms/MacOSX.platform/Developer/SDKs/MacOSX10.13.sdk -Wl,-search_paths_first -Wl,-headerpad_max_install_names  -v -Wl,-v CMakeFiles/cmTC_a3c57.dir/CMakeCXXCompilerABI.cpp.o  -o cmTC_a3c57 
Apple LLVM version 9.1.0 (clang-902.0.39.1)
Target: x86_64-apple-darwin17.6.0
Thread model: posix
InstalledDir: /Applications/Xcode.app/Contents/Developer/Toolchains/XcodeDefault.xctoolchain/usr/bin
 "/Applications/Xcode.app/Contents/Developer/Toolchains/XcodeDefault.xctoolchain/usr/bin/ld" -demangle -lto_library /Applications/Xcode.app/Contents/Developer/Toolchains/XcodeDefault.xctoolchain/usr/lib/libLTO.dylib -dynamic -arch x86_64 -macosx_version_min 10.13.0 -syslibroot /Applications/Xcode.app/Contents/Developer/Platforms/MacOSX.platform/Developer/SDKs/MacOSX10.13.sdk -o cmTC_a3c57 -search_paths_first -headerpad_max_install_names -v CMakeFiles/cmTC_a3c57.dir/CMakeCXXCompilerABI.cpp.o -lc++ -lSystem /Applications/Xcode.app/Contents/Developer/Toolchains/XcodeDefault.xctoolchain/usr/lib/clang/9.1.0/lib/darwin/libclang_rt.osx.a
@(#)PROGRAM:ld  PROJECT:ld64-351.8
configured to support archs: armv6 armv7 armv7s arm64 i386 x86_64 x86_64h armv6m armv7k armv7m armv7em (tvOS)
Library search paths:
	/Applications/Xcode.app/Contents/Developer/Platforms/MacOSX.platform/Developer/SDKs/MacOSX10.13.sdk/usr/lib
Framework search paths:
	/Applications/Xcode.app/Contents/Developer/Platforms/MacOSX.platform/Developer/SDKs/MacOSX10.13.sdk/System/Library/Frameworks/


Parsed CXX implicit link information from above output:
  link line regex: [^( *|.*[/\])(ld|CMAKE_LINK_STARTFILE-NOTFOUND|([^/\]+-)?ld|collect2)[^/\]*( |$)]
  ignore line: [Change Dir: /Users/todd/Downloads/softsusy-4.1.4 2/src/Himalaya-1.0.0/CMakeFiles/CMakeTmp]
  ignore line: []
  ignore line: [Run Build Command:"/usr/bin/make" "cmTC_a3c57/fast"]
  ignore line: [/Applications/Xcode.app/Contents/Developer/usr/bin/make -f CMakeFiles/cmTC_a3c57.dir/build.make CMakeFiles/cmTC_a3c57.dir/build]
  ignore line: [Building CXX object CMakeFiles/cmTC_a3c57.dir/CMakeCXXCompilerABI.cpp.o]
  ignore line: [/Applications/Xcode.app/Contents/Developer/Toolchains/XcodeDefault.xctoolchain/usr/bin/c++    -isysroot /Applications/Xcode.app/Contents/Developer/Platforms/MacOSX.platform/Developer/SDKs/MacOSX10.13.sdk   -o CMakeFiles/cmTC_a3c57.dir/CMakeCXXCompilerABI.cpp.o -c /usr/local/Cellar/cmake/3.12.0/share/cmake/Modules/CMakeCXXCompilerABI.cpp]
  ignore line: [Linking CXX executable cmTC_a3c57]
  ignore line: [/usr/local/Cellar/cmake/3.12.0/bin/cmake -E cmake_link_script CMakeFiles/cmTC_a3c57.dir/link.txt --verbose=1]
  ignore line: [/Applications/Xcode.app/Contents/Developer/Toolchains/XcodeDefault.xctoolchain/usr/bin/c++    -isysroot /Applications/Xcode.app/Contents/Developer/Platforms/MacOSX.platform/Developer/SDKs/MacOSX10.13.sdk -Wl,-search_paths_first -Wl,-headerpad_max_install_names  -v -Wl,-v CMakeFiles/cmTC_a3c57.dir/CMakeCXXCompilerABI.cpp.o  -o cmTC_a3c57 ]
  ignore line: [Apple LLVM version 9.1.0 (clang-902.0.39.1)]
  ignore line: [Target: x86_64-apple-darwin17.6.0]
  ignore line: [Thread model: posix]
  ignore line: [InstalledDir: /Applications/Xcode.app/Contents/Developer/Toolchains/XcodeDefault.xctoolchain/usr/bin]
  link line: [ "/Applications/Xcode.app/Contents/Developer/Toolchains/XcodeDefault.xctoolchain/usr/bin/ld" -demangle -lto_library /Applications/Xcode.app/Contents/Developer/Toolchains/XcodeDefault.xctoolchain/usr/lib/libLTO.dylib -dynamic -arch x86_64 -macosx_version_min 10.13.0 -syslibroot /Applications/Xcode.app/Contents/Developer/Platforms/MacOSX.platform/Developer/SDKs/MacOSX10.13.sdk -o cmTC_a3c57 -search_paths_first -headerpad_max_install_names -v CMakeFiles/cmTC_a3c57.dir/CMakeCXXCompilerABI.cpp.o -lc++ -lSystem /Applications/Xcode.app/Contents/Developer/Toolchains/XcodeDefault.xctoolchain/usr/lib/clang/9.1.0/lib/darwin/libclang_rt.osx.a]
    arg [/Applications/Xcode.app/Contents/Developer/Toolchains/XcodeDefault.xctoolchain/usr/bin/ld] ==> ignore
    arg [-demangle] ==> ignore
    arg [-lto_library] ==> ignore, skip following value
    arg [/Applications/Xcode.app/Contents/Developer/Toolchains/XcodeDefault.xctoolchain/usr/lib/libLTO.dylib] ==> skip value of -lto_library
    arg [-dynamic] ==> ignore
    arg [-arch] ==> ignore
    arg [x86_64] ==> ignore
    arg [-macosx_version_min] ==> ignore
    arg [10.13.0] ==> ignore
    arg [-syslibroot] ==> ignore
    arg [/Applications/Xcode.app/Contents/Developer/Platforms/MacOSX.platform/Developer/SDKs/MacOSX10.13.sdk] ==> ignore
    arg [-o] ==> ignore
    arg [cmTC_a3c57] ==> ignore
    arg [-search_paths_first] ==> ignore
    arg [-headerpad_max_install_names] ==> ignore
    arg [-v] ==> ignore
    arg [CMakeFiles/cmTC_a3c57.dir/CMakeCXXCompilerABI.cpp.o] ==> ignore
    arg [-lc++] ==> lib [c++]
    arg [-lSystem] ==> lib [System]
    arg [/Applications/Xcode.app/Contents/Developer/Toolchains/XcodeDefault.xctoolchain/usr/lib/clang/9.1.0/lib/darwin/libclang_rt.osx.a] ==> lib [/Applications/Xcode.app/Contents/Developer/Toolchains/XcodeDefault.xctoolchain/usr/lib/clang/9.1.0/lib/darwin/libclang_rt.osx.a]
  Library search paths: [;/Applications/Xcode.app/Contents/Developer/Platforms/MacOSX.platform/Developer/SDKs/MacOSX10.13.sdk/usr/lib]
  Framework search paths: [;/Applications/Xcode.app/Contents/Developer/Platforms/MacOSX.platform/Developer/SDKs/MacOSX10.13.sdk/System/Library/Frameworks/]
  remove lib [System]
  remove lib [/Applications/Xcode.app/Contents/Developer/Toolchains/XcodeDefault.xctoolchain/usr/lib/clang/9.1.0/lib/darwin/libclang_rt.osx.a]
  collapse library dir [/Applications/Xcode.app/Contents/Developer/Platforms/MacOSX.platform/Developer/SDKs/MacOSX10.13.sdk/usr/lib] ==> [/Applications/Xcode.app/Contents/Developer/Platforms/MacOSX.platform/Developer/SDKs/MacOSX10.13.sdk/usr/lib]
  collapse framework dir [/Applications/Xcode.app/Contents/Developer/Platforms/MacOSX.platform/Developer/SDKs/MacOSX10.13.sdk/System/Library/Frameworks/] ==> [/Applications/Xcode.app/Contents/Developer/Platforms/MacOSX.platform/Developer/SDKs/MacOSX10.13.sdk/System/Library/Frameworks]
  implicit libs: [c++]
  implicit dirs: [/Applications/Xcode.app/Contents/Developer/Platforms/MacOSX.platform/Developer/SDKs/MacOSX10.13.sdk/usr/lib]
  implicit fwks: [/Applications/Xcode.app/Contents/Developer/Platforms/MacOSX.platform/Developer/SDKs/MacOSX10.13.sdk/System/Library/Frameworks]




Detecting CXX [-std=c++1z] compiler features compiled with the following output:
Change Dir: /Users/todd/Downloads/softsusy-4.1.4 2/src/Himalaya-1.0.0/CMakeFiles/CMakeTmp

Run Build Command:"/usr/bin/make" "cmTC_7dc7d/fast"
/Applications/Xcode.app/Contents/Developer/usr/bin/make -f CMakeFiles/cmTC_7dc7d.dir/build.make CMakeFiles/cmTC_7dc7d.dir/build
Building CXX object CMakeFiles/cmTC_7dc7d.dir/feature_tests.cxx.o
/Applications/Xcode.app/Contents/Developer/Toolchains/XcodeDefault.xctoolchain/usr/bin/c++    -isysroot /Applications/Xcode.app/Contents/Developer/Platforms/MacOSX.platform/Developer/SDKs/MacOSX10.13.sdk   -std=c++1z -o CMakeFiles/cmTC_7dc7d.dir/feature_tests.cxx.o -c "/Users/todd/Downloads/softsusy-4.1.4 2/src/Himalaya-1.0.0/CMakeFiles/feature_tests.cxx"
Linking CXX executable cmTC_7dc7d
/usr/local/Cellar/cmake/3.12.0/bin/cmake -E cmake_link_script CMakeFiles/cmTC_7dc7d.dir/link.txt --verbose=1
/Applications/Xcode.app/Contents/Developer/Toolchains/XcodeDefault.xctoolchain/usr/bin/c++    -isysroot /Applications/Xcode.app/Contents/Developer/Platforms/MacOSX.platform/Developer/SDKs/MacOSX10.13.sdk -Wl,-search_paths_first -Wl,-headerpad_max_install_names   CMakeFiles/cmTC_7dc7d.dir/feature_tests.cxx.o  -o cmTC_7dc7d 


    Feature record: CXX_FEATURE:1cxx_aggregate_default_initializers
    Feature record: CXX_FEATURE:1cxx_alias_templates
    Feature record: CXX_FEATURE:1cxx_alignas
    Feature record: CXX_FEATURE:1cxx_alignof
    Feature record: CXX_FEATURE:1cxx_attributes
    Feature record: CXX_FEATURE:1cxx_attribute_deprecated
    Feature record: CXX_FEATURE:1cxx_auto_type
    Feature record: CXX_FEATURE:1cxx_binary_literals
    Feature record: CXX_FEATURE:1cxx_constexpr
    Feature record: CXX_FEATURE:1cxx_contextual_conversions
    Feature record: CXX_FEATURE:1cxx_decltype
    Feature record: CXX_FEATURE:1cxx_decltype_auto
    Feature record: CXX_FEATURE:1cxx_decltype_incomplete_return_types
    Feature record: CXX_FEATURE:1cxx_default_function_template_args
    Feature record: CXX_FEATURE:1cxx_defaulted_functions
    Feature record: CXX_FEATURE:1cxx_defaulted_move_initializers
    Feature record: CXX_FEATURE:1cxx_delegating_constructors
    Feature record: CXX_FEATURE:1cxx_deleted_functions
    Feature record: CXX_FEATURE:1cxx_digit_separators
    Feature record: CXX_FEATURE:1cxx_enum_forward_declarations
    Feature record: CXX_FEATURE:1cxx_explicit_conversions
    Feature record: CXX_FEATURE:1cxx_extended_friend_declarations
    Feature record: CXX_FEATURE:1cxx_extern_templates
    Feature record: CXX_FEATURE:1cxx_final
    Feature record: CXX_FEATURE:1cxx_func_identifier
    Feature record: CXX_FEATURE:1cxx_generalized_initializers
    Feature record: CXX_FEATURE:1cxx_generic_lambdas
    Feature record: CXX_FEATURE:1cxx_inheriting_constructors
    Feature record: CXX_FEATURE:1cxx_inline_namespaces
    Feature record: CXX_FEATURE:1cxx_lambdas
    Feature record: CXX_FEATURE:1cxx_lambda_init_captures
    Feature record: CXX_FEATURE:1cxx_local_type_template_args
    Feature record: CXX_FEATURE:1cxx_long_long_type
    Feature record: CXX_FEATURE:1cxx_noexcept
    Feature record: CXX_FEATURE:1cxx_nonstatic_member_init
    Feature record: CXX_FEATURE:1cxx_nullptr
    Feature record: CXX_FEATURE:1cxx_override
    Feature record: CXX_FEATURE:1cxx_range_for
    Feature record: CXX_FEATURE:1cxx_raw_string_literals
    Feature record: CXX_FEATURE:1cxx_reference_qualified_functions
    Feature record: CXX_FEATURE:1cxx_relaxed_constexpr
    Feature record: CXX_FEATURE:1cxx_return_type_deduction
    Feature record: CXX_FEATURE:1cxx_right_angle_brackets
    Feature record: CXX_FEATURE:1cxx_rvalue_references
    Feature record: CXX_FEATURE:1cxx_sizeof_member
    Feature record: CXX_FEATURE:1cxx_static_assert
    Feature record: CXX_FEATURE:1cxx_strong_enums
    Feature record: CXX_FEATURE:1cxx_template_template_parameters
    Feature record: CXX_FEATURE:1cxx_thread_local
    Feature record: CXX_FEATURE:1cxx_trailing_return_types
    Feature record: CXX_FEATURE:1cxx_unicode_literals
    Feature record: CXX_FEATURE:1cxx_uniform_initialization
    Feature record: CXX_FEATURE:1cxx_unrestricted_unions
    Feature record: CXX_FEATURE:1cxx_user_literals
    Feature record: CXX_FEATURE:1cxx_variable_templates
    Feature record: CXX_FEATURE:1cxx_variadic_macros
    Feature record: CXX_FEATURE:1cxx_variadic_templates


Detecting CXX [-std=c++14] compiler features compiled with the following output:
Change Dir: /Users/todd/Downloads/softsusy-4.1.4 2/src/Himalaya-1.0.0/CMakeFiles/CMakeTmp

Run Build Command:"/usr/bin/make" "cmTC_f0b23/fast"
/Applications/Xcode.app/Contents/Developer/usr/bin/make -f CMakeFiles/cmTC_f0b23.dir/build.make CMakeFiles/cmTC_f0b23.dir/build
Building CXX object CMakeFiles/cmTC_f0b23.dir/feature_tests.cxx.o
/Applications/Xcode.app/Contents/Developer/Toolchains/XcodeDefault.xctoolchain/usr/bin/c++    -isysroot /Applications/Xcode.app/Contents/Developer/Platforms/MacOSX.platform/Developer/SDKs/MacOSX10.13.sdk   -std=c++14 -o CMakeFiles/cmTC_f0b23.dir/feature_tests.cxx.o -c "/Users/todd/Downloads/softsusy-4.1.4 2/src/Himalaya-1.0.0/CMakeFiles/feature_tests.cxx"
Linking CXX executable cmTC_f0b23
/usr/local/Cellar/cmake/3.12.0/bin/cmake -E cmake_link_script CMakeFiles/cmTC_f0b23.dir/link.txt --verbose=1
/Applications/Xcode.app/Contents/Developer/Toolchains/XcodeDefault.xctoolchain/usr/bin/c++    -isysroot /Applications/Xcode.app/Contents/Developer/Platforms/MacOSX.platform/Developer/SDKs/MacOSX10.13.sdk -Wl,-search_paths_first -Wl,-headerpad_max_install_names   CMakeFiles/cmTC_f0b23.dir/feature_tests.cxx.o  -o cmTC_f0b23 


    Feature record: CXX_FEATURE:1cxx_aggregate_default_initializers
    Feature record: CXX_FEATURE:1cxx_alias_templates
    Feature record: CXX_FEATURE:1cxx_alignas
    Feature record: CXX_FEATURE:1cxx_alignof
    Feature record: CXX_FEATURE:1cxx_attributes
    Feature record: CXX_FEATURE:1cxx_attribute_deprecated
    Feature record: CXX_FEATURE:1cxx_auto_type
    Feature record: CXX_FEATURE:1cxx_binary_literals
    Feature record: CXX_FEATURE:1cxx_constexpr
    Feature record: CXX_FEATURE:1cxx_contextual_conversions
    Feature record: CXX_FEATURE:1cxx_decltype
    Feature record: CXX_FEATURE:1cxx_decltype_auto
    Feature record: CXX_FEATURE:1cxx_decltype_incomplete_return_types
    Feature record: CXX_FEATURE:1cxx_default_function_template_args
    Feature record: CXX_FEATURE:1cxx_defaulted_functions
    Feature record: CXX_FEATURE:1cxx_defaulted_move_initializers
    Feature record: CXX_FEATURE:1cxx_delegating_constructors
    Feature record: CXX_FEATURE:1cxx_deleted_functions
    Feature record: CXX_FEATURE:1cxx_digit_separators
    Feature record: CXX_FEATURE:1cxx_enum_forward_declarations
    Feature record: CXX_FEATURE:1cxx_explicit_conversions
    Feature record: CXX_FEATURE:1cxx_extended_friend_declarations
    Feature record: CXX_FEATURE:1cxx_extern_templates
    Feature record: CXX_FEATURE:1cxx_final
    Feature record: CXX_FEATURE:1cxx_func_identifier
    Feature record: CXX_FEATURE:1cxx_generalized_initializers
    Feature record: CXX_FEATURE:1cxx_generic_lambdas
    Feature record: CXX_FEATURE:1cxx_inheriting_constructors
    Feature record: CXX_FEATURE:1cxx_inline_namespaces
    Feature record: CXX_FEATURE:1cxx_lambdas
    Feature record: CXX_FEATURE:1cxx_lambda_init_captures
    Feature record: CXX_FEATURE:1cxx_local_type_template_args
    Feature record: CXX_FEATURE:1cxx_long_long_type
    Feature record: CXX_FEATURE:1cxx_noexcept
    Feature record: CXX_FEATURE:1cxx_nonstatic_member_init
    Feature record: CXX_FEATURE:1cxx_nullptr
    Feature record: CXX_FEATURE:1cxx_override
    Feature record: CXX_FEATURE:1cxx_range_for
    Feature record: CXX_FEATURE:1cxx_raw_string_literals
    Feature record: CXX_FEATURE:1cxx_reference_qualified_functions
    Feature record: CXX_FEATURE:1cxx_relaxed_constexpr
    Feature record: CXX_FEATURE:1cxx_return_type_deduction
    Feature record: CXX_FEATURE:1cxx_right_angle_brackets
    Feature record: CXX_FEATURE:1cxx_rvalue_references
    Feature record: CXX_FEATURE:1cxx_sizeof_member
    Feature record: CXX_FEATURE:1cxx_static_assert
    Feature record: CXX_FEATURE:1cxx_strong_enums
    Feature record: CXX_FEATURE:1cxx_template_template_parameters
    Feature record: CXX_FEATURE:1cxx_thread_local
    Feature record: CXX_FEATURE:1cxx_trailing_return_types
    Feature record: CXX_FEATURE:1cxx_unicode_literals
    Feature record: CXX_FEATURE:1cxx_uniform_initialization
    Feature record: CXX_FEATURE:1cxx_unrestricted_unions
    Feature record: CXX_FEATURE:1cxx_user_literals
    Feature record: CXX_FEATURE:1cxx_variable_templates
    Feature record: CXX_FEATURE:1cxx_variadic_macros
    Feature record: CXX_FEATURE:1cxx_variadic_templates


Detecting CXX [-std=c++11] compiler features compiled with the following output:
Change Dir: /Users/todd/Downloads/softsusy-4.1.4 2/src/Himalaya-1.0.0/CMakeFiles/CMakeTmp

Run Build Command:"/usr/bin/make" "cmTC_ea913/fast"
/Applications/Xcode.app/Contents/Developer/usr/bin/make -f CMakeFiles/cmTC_ea913.dir/build.make CMakeFiles/cmTC_ea913.dir/build
Building CXX object CMakeFiles/cmTC_ea913.dir/feature_tests.cxx.o
/Applications/Xcode.app/Contents/Developer/Toolchains/XcodeDefault.xctoolchain/usr/bin/c++    -isysroot /Applications/Xcode.app/Contents/Developer/Platforms/MacOSX.platform/Developer/SDKs/MacOSX10.13.sdk   -std=c++11 -o CMakeFiles/cmTC_ea913.dir/feature_tests.cxx.o -c "/Users/todd/Downloads/softsusy-4.1.4 2/src/Himalaya-1.0.0/CMakeFiles/feature_tests.cxx"
Linking CXX executable cmTC_ea913
/usr/local/Cellar/cmake/3.12.0/bin/cmake -E cmake_link_script CMakeFiles/cmTC_ea913.dir/link.txt --verbose=1
/Applications/Xcode.app/Contents/Developer/Toolchains/XcodeDefault.xctoolchain/usr/bin/c++    -isysroot /Applications/Xcode.app/Contents/Developer/Platforms/MacOSX.platform/Developer/SDKs/MacOSX10.13.sdk -Wl,-search_paths_first -Wl,-headerpad_max_install_names   CMakeFiles/cmTC_ea913.dir/feature_tests.cxx.o  -o cmTC_ea913 


    Feature record: CXX_FEATURE:0cxx_aggregate_default_initializers
    Feature record: CXX_FEATURE:1cxx_alias_templates
    Feature record: CXX_FEATURE:1cxx_alignas
    Feature record: CXX_FEATURE:1cxx_alignof
    Feature record: CXX_FEATURE:1cxx_attributes
    Feature record: CXX_FEATURE:0cxx_attribute_deprecated
    Feature record: CXX_FEATURE:1cxx_auto_type
    Feature record: CXX_FEATURE:0cxx_binary_literals
    Feature record: CXX_FEATURE:1cxx_constexpr
    Feature record: CXX_FEATURE:0cxx_contextual_conversions
    Feature record: CXX_FEATURE:1cxx_decltype
    Feature record: CXX_FEATURE:0cxx_decltype_auto
    Feature record: CXX_FEATURE:1cxx_decltype_incomplete_return_types
    Feature record: CXX_FEATURE:1cxx_default_function_template_args
    Feature record: CXX_FEATURE:1cxx_defaulted_functions
    Feature record: CXX_FEATURE:1cxx_defaulted_move_initializers
    Feature record: CXX_FEATURE:1cxx_delegating_constructors
    Feature record: CXX_FEATURE:1cxx_deleted_functions
    Feature record: CXX_FEATURE:0cxx_digit_separators
    Feature record: CXX_FEATURE:1cxx_enum_forward_declarations
    Feature record: CXX_FEATURE:1cxx_explicit_conversions
    Feature record: CXX_FEATURE:1cxx_extended_friend_declarations
    Feature record: CXX_FEATURE:1cxx_extern_templates
    Feature record: CXX_FEATURE:1cxx_final
    Feature record: CXX_FEATURE:1cxx_func_identifier
    Feature record: CXX_FEATURE:1cxx_generalized_initializers
    Feature record: CXX_FEATURE:0cxx_generic_lambdas
    Feature record: CXX_FEATURE:1cxx_inheriting_constructors
    Feature record: CXX_FEATURE:1cxx_inline_namespaces
    Feature record: CXX_FEATURE:1cxx_lambdas
    Feature record: CXX_FEATURE:0cxx_lambda_init_captures
    Feature record: CXX_FEATURE:1cxx_local_type_template_args
    Feature record: CXX_FEATURE:1cxx_long_long_type
    Feature record: CXX_FEATURE:1cxx_noexcept
    Feature record: CXX_FEATURE:1cxx_nonstatic_member_init
    Feature record: CXX_FEATURE:1cxx_nullptr
    Feature record: CXX_FEATURE:1cxx_override
    Feature record: CXX_FEATURE:1cxx_range_for
    Feature record: CXX_FEATURE:1cxx_raw_string_literals
    Feature record: CXX_FEATURE:1cxx_reference_qualified_functions
    Feature record: CXX_FEATURE:0cxx_relaxed_constexpr
    Feature record: CXX_FEATURE:0cxx_return_type_deduction
    Feature record: CXX_FEATURE:1cxx_right_angle_brackets
    Feature record: CXX_FEATURE:1cxx_rvalue_references
    Feature record: CXX_FEATURE:1cxx_sizeof_member
    Feature record: CXX_FEATURE:1cxx_static_assert
    Feature record: CXX_FEATURE:1cxx_strong_enums
    Feature record: CXX_FEATURE:1cxx_template_template_parameters
    Feature record: CXX_FEATURE:1cxx_thread_local
    Feature record: CXX_FEATURE:1cxx_trailing_return_types
    Feature record: CXX_FEATURE:1cxx_unicode_literals
    Feature record: CXX_FEATURE:1cxx_uniform_initialization
    Feature record: CXX_FEATURE:1cxx_unrestricted_unions
    Feature record: CXX_FEATURE:1cxx_user_literals
    Feature record: CXX_FEATURE:0cxx_variable_templates
    Feature record: CXX_FEATURE:1cxx_variadic_macros
    Feature record: CXX_FEATURE:1cxx_variadic_templates


Detecting CXX [-std=c++98] compiler features compiled with the following output:
Change Dir: /Users/todd/Downloads/softsusy-4.1.4 2/src/Himalaya-1.0.0/CMakeFiles/CMakeTmp

Run Build Command:"/usr/bin/make" "cmTC_cb6b7/fast"
/Applications/Xcode.app/Contents/Developer/usr/bin/make -f CMakeFiles/cmTC_cb6b7.dir/build.make CMakeFiles/cmTC_cb6b7.dir/build
Building CXX object CMakeFiles/cmTC_cb6b7.dir/feature_tests.cxx.o
/Applications/Xcode.app/Contents/Developer/Toolchains/XcodeDefault.xctoolchain/usr/bin/c++    -isysroot /Applications/Xcode.app/Contents/Developer/Platforms/MacOSX.platform/Developer/SDKs/MacOSX10.13.sdk   -std=c++98 -o CMakeFiles/cmTC_cb6b7.dir/feature_tests.cxx.o -c "/Users/todd/Downloads/softsusy-4.1.4 2/src/Himalaya-1.0.0/CMakeFiles/feature_tests.cxx"
Linking CXX executable cmTC_cb6b7
/usr/local/Cellar/cmake/3.12.0/bin/cmake -E cmake_link_script CMakeFiles/cmTC_cb6b7.dir/link.txt --verbose=1
/Applications/Xcode.app/Contents/Developer/Toolchains/XcodeDefault.xctoolchain/usr/bin/c++    -isysroot /Applications/Xcode.app/Contents/Developer/Platforms/MacOSX.platform/Developer/SDKs/MacOSX10.13.sdk -Wl,-search_paths_first -Wl,-headerpad_max_install_names   CMakeFiles/cmTC_cb6b7.dir/feature_tests.cxx.o  -o cmTC_cb6b7 


    Feature record: CXX_FEATURE:0cxx_aggregate_default_initializers
    Feature record: CXX_FEATURE:0cxx_alias_templates
    Feature record: CXX_FEATURE:0cxx_alignas
    Feature record: CXX_FEATURE:0cxx_alignof
    Feature record: CXX_FEATURE:0cxx_attributes
    Feature record: CXX_FEATURE:0cxx_attribute_deprecated
    Feature record: CXX_FEATURE:0cxx_auto_type
    Feature record: CXX_FEATURE:0cxx_binary_literals
    Feature record: CXX_FEATURE:0cxx_constexpr
    Feature record: CXX_FEATURE:0cxx_contextual_conversions
    Feature record: CXX_FEATURE:0cxx_decltype
    Feature record: CXX_FEATURE:0cxx_decltype_auto
    Feature record: CXX_FEATURE:0cxx_decltype_incomplete_return_types
    Feature record: CXX_FEATURE:0cxx_default_function_template_args
    Feature record: CXX_FEATURE:0cxx_defaulted_functions
    Feature record: CXX_FEATURE:0cxx_defaulted_move_initializers
    Feature record: CXX_FEATURE:0cxx_delegating_constructors
    Feature record: CXX_FEATURE:0cxx_deleted_functions
    Feature record: CXX_FEATURE:0cxx_digit_separators
    Feature record: CXX_FEATURE:0cxx_enum_forward_declarations
    Feature record: CXX_FEATURE:0cxx_explicit_conversions
    Feature record: CXX_FEATURE:0cxx_extended_friend_declarations
    Feature record: CXX_FEATURE:0cxx_extern_templates
    Feature record: CXX_FEATURE:0cxx_final
    Feature record: CXX_FEATURE:0cxx_func_identifier
    Feature record: CXX_FEATURE:0cxx_generalized_initializers
    Feature record: CXX_FEATURE:0cxx_generic_lambdas
    Feature record: CXX_FEATURE:0cxx_inheriting_constructors
    Feature record: CXX_FEATURE:0cxx_inline_namespaces
    Feature record: CXX_FEATURE:0cxx_lambdas
    Feature record: CXX_FEATURE:0cxx_lambda_init_captures
    Feature record: CXX_FEATURE:0cxx_local_type_template_args
    Feature record: CXX_FEATURE:0cxx_long_long_type
    Feature record: CXX_FEATURE:0cxx_noexcept
    Feature record: CXX_FEATURE:0cxx_nonstatic_member_init
    Feature record: CXX_FEATURE:0cxx_nullptr
    Feature record: CXX_FEATURE:0cxx_override
    Feature record: CXX_FEATURE:0cxx_range_for
    Feature record: CXX_FEATURE:0cxx_raw_string_literals
    Feature record: CXX_FEATURE:0cxx_reference_qualified_functions
    Feature record: CXX_FEATURE:0cxx_relaxed_constexpr
    Feature record: CXX_FEATURE:0cxx_return_type_deduction
    Feature record: CXX_FEATURE:0cxx_right_angle_brackets
    Feature record: CXX_FEATURE:0cxx_rvalue_references
    Feature record: CXX_FEATURE:0cxx_sizeof_member
    Feature record: CXX_FEATURE:0cxx_static_assert
    Feature record: CXX_FEATURE:0cxx_strong_enums
    Feature record: CXX_FEATURE:1cxx_template_template_parameters
    Feature record: CXX_FEATURE:0cxx_thread_local
    Feature record: CXX_FEATURE:0cxx_trailing_return_types
    Feature record: CXX_FEATURE:0cxx_unicode_literals
    Feature record: CXX_FEATURE:0cxx_uniform_initialization
    Feature record: CXX_FEATURE:0cxx_unrestricted_unions
    Feature record: CXX_FEATURE:0cxx_user_literals
    Feature record: CXX_FEATURE:0cxx_variable_templates
    Feature record: CXX_FEATURE:0cxx_variadic_macros
    Feature record: CXX_FEATURE:0cxx_variadic_templates
Determining if the Fortran compiler works passed with the following output:
Change Dir: /Users/todd/Downloads/softsusy-4.1.4 2/src/Himalaya-1.0.0/CMakeFiles/CMakeTmp

Run Build Command:"/usr/bin/make" "cmTC_2314b/fast"
/Applications/Xcode.app/Contents/Developer/usr/bin/make -f CMakeFiles/cmTC_2314b.dir/build.make CMakeFiles/cmTC_2314b.dir/build
Building Fortran object CMakeFiles/cmTC_2314b.dir/testFortranCompiler.f.o
/usr/local/bin/gfortran   -isysroot /Applications/Xcode.app/Contents/Developer/Platforms/MacOSX.platform/Developer/SDKs/MacOSX10.13.sdk   -c "/Users/todd/Downloads/softsusy-4.1.4 2/src/Himalaya-1.0.0/CMakeFiles/CMakeTmp/testFortranCompiler.f" -o CMakeFiles/cmTC_2314b.dir/testFortranCompiler.f.o
Linking Fortran executable cmTC_2314b
/usr/local/Cellar/cmake/3.12.0/bin/cmake -E cmake_link_script CMakeFiles/cmTC_2314b.dir/link.txt --verbose=1
/usr/local/bin/gfortran      -isysroot /Applications/Xcode.app/Contents/Developer/Platforms/MacOSX.platform/Developer/SDKs/MacOSX10.13.sdk CMakeFiles/cmTC_2314b.dir/testFortranCompiler.f.o  -o cmTC_2314b 


Detecting Fortran compiler ABI info compiled with the following output:
Change Dir: /Users/todd/Downloads/softsusy-4.1.4 2/src/Himalaya-1.0.0/CMakeFiles/CMakeTmp

Run Build Command:"/usr/bin/make" "cmTC_e7517/fast"
/Applications/Xcode.app/Contents/Developer/usr/bin/make -f CMakeFiles/cmTC_e7517.dir/build.make CMakeFiles/cmTC_e7517.dir/build
Building Fortran object CMakeFiles/cmTC_e7517.dir/CMakeFortranCompilerABI.F.o
/usr/local/bin/gfortran   -isysroot /Applications/Xcode.app/Contents/Developer/Platforms/MacOSX.platform/Developer/SDKs/MacOSX10.13.sdk   -c /usr/local/Cellar/cmake/3.12.0/share/cmake/Modules/CMakeFortranCompilerABI.F -o CMakeFiles/cmTC_e7517.dir/CMakeFortranCompilerABI.F.o
Linking Fortran executable cmTC_e7517
/usr/local/Cellar/cmake/3.12.0/bin/cmake -E cmake_link_script CMakeFiles/cmTC_e7517.dir/link.txt --verbose=1
/usr/local/bin/gfortran   -v -Wl,-v   -isysroot /Applications/Xcode.app/Contents/Developer/Platforms/MacOSX.platform/Developer/SDKs/MacOSX10.13.sdk CMakeFiles/cmTC_e7517.dir/CMakeFortranCompilerABI.F.o  -o cmTC_e7517 
Driving: /usr/local/bin/gfortran -v -Wl,-v -isysroot /Applications/Xcode.app/Contents/Developer/Platforms/MacOSX.platform/Developer/SDKs/MacOSX10.13.sdk CMakeFiles/cmTC_e7517.dir/CMakeFortranCompilerABI.F.o -o cmTC_e7517 -mmacosx-version-min=10.13.0 -asm_macosx_version_min=10.13 -l gfortran -shared-libgcc
Using built-in specs.
COLLECT_GCC=/usr/local/bin/gfortran
COLLECT_LTO_WRAPPER=/usr/local/Cellar/gcc/8.1.0/libexec/gcc/x86_64-apple-darwin17.6.0/8.1.0/lto-wrapper
Target: x86_64-apple-darwin17.6.0
Configured with: ../configure --build=x86_64-apple-darwin17.6.0 --prefix=/usr/local/Cellar/gcc/8.1.0 --libdir=/usr/local/Cellar/gcc/8.1.0/lib/gcc/8 --enable-languages=c,c++,objc,obj-c++,fortran --program-suffix=-8 --with-gmp=/usr/local/opt/gmp --with-mpfr=/usr/local/opt/mpfr --with-mpc=/usr/local/opt/libmpc --with-isl=/usr/local/opt/isl --with-system-zlib --enable-checking=release --with-pkgversion='Homebrew GCC 8.1.0' --with-bugurl=https://github.com/Homebrew/homebrew-core/issues --disable-nls --with-native-system-header-dir=/usr/include --with-sysroot=/Applications/Xcode.app/Contents/Developer/Platforms/MacOSX.platform/Developer/SDKs/MacOSX10.13.sdk
Thread model: posix
gcc version 8.1.0 (Homebrew GCC 8.1.0) 
Reading specs from /usr/local/Cellar/gcc/8.1.0/lib/gcc/8/gcc/x86_64-apple-darwin17.6.0/8.1.0/../../../libgfortran.spec
rename spec lib to liborig
COLLECT_GCC_OPTIONS='-v' '-isysroot' '/Applications/Xcode.app/Contents/Developer/Platforms/MacOSX.platform/Developer/SDKs/MacOSX10.13.sdk' '-o' 'cmTC_e7517' '-mmacosx-version-min=10.13.0' '-asm_macosx_version_min=10.13' '-shared-libgcc' '-mtune=core2'
COMPILER_PATH=/usr/local/Cellar/gcc/8.1.0/libexec/gcc/x86_64-apple-darwin17.6.0/8.1.0/:/usr/local/Cellar/gcc/8.1.0/libexec/gcc/x86_64-apple-darwin17.6.0/8.1.0/:/usr/local/Cellar/gcc/8.1.0/libexec/gcc/x86_64-apple-darwin17.6.0/:/usr/local/Cellar/gcc/8.1.0/lib/gcc/8/gcc/x86_64-apple-darwin17.6.0/8.1.0/:/usr/local/Cellar/gcc/8.1.0/lib/gcc/8/gcc/x86_64-apple-darwin17.6.0/
LIBRARY_PATH=/usr/local/Cellar/gcc/8.1.0/lib/gcc/8/gcc/x86_64-apple-darwin17.6.0/8.1.0/:/usr/local/Cellar/gcc/8.1.0/lib/gcc/8/gcc/x86_64-apple-darwin17.6.0/8.1.0/../../../
COLLECT_GCC_OPTIONS='-v' '-isysroot' '/Applications/Xcode.app/Contents/Developer/Platforms/MacOSX.platform/Developer/SDKs/MacOSX10.13.sdk' '-o' 'cmTC_e7517' '-mmacosx-version-min=10.13.0' '-asm_macosx_version_min=10.13' '-shared-libgcc' '-mtune=core2'
 /usr/local/Cellar/gcc/8.1.0/libexec/gcc/x86_64-apple-darwin17.6.0/8.1.0/collect2 -dynamic -arch x86_64 -macosx_version_min 10.13.0 -syslibroot /Applications/Xcode.app/Contents/Developer/Platforms/MacOSX.platform/Developer/SDKs/MacOSX10.13.sdk -weak_reference_mismatches non-weak -o cmTC_e7517 -L/usr/local/Cellar/gcc/8.1.0/lib/gcc/8/gcc/x86_64-apple-darwin17.6.0/8.1.0 -L/usr/local/Cellar/gcc/8.1.0/lib/gcc/8/gcc/x86_64-apple-darwin17.6.0/8.1.0/../../.. -v CMakeFiles/cmTC_e7517.dir/CMakeFortranCompilerABI.F.o -lgfortran -no_compact_unwind -lSystem -lgcc_ext.10.5 -lgcc -lquadmath -lm -lgcc_ext.10.5 -lgcc -lSystem -v
collect2 version 8.1.0
/usr/bin/ld -dynamic -arch x86_64 -macosx_version_min 10.13.0 -syslibroot /Applications/Xcode.app/Contents/Developer/Platforms/MacOSX.platform/Developer/SDKs/MacOSX10.13.sdk -weak_reference_mismatches non-weak -o cmTC_e7517 -L/usr/local/Cellar/gcc/8.1.0/lib/gcc/8/gcc/x86_64-apple-darwin17.6.0/8.1.0 -L/usr/local/Cellar/gcc/8.1.0/lib/gcc/8/gcc/x86_64-apple-darwin17.6.0/8.1.0/../../.. -v CMakeFiles/cmTC_e7517.dir/CMakeFortranCompilerABI.F.o -lgfortran -no_compact_unwind -lSystem -lgcc_ext.10.5 -lgcc -lquadmath -lm -lgcc_ext.10.5 -lgcc -lSystem -v
@(#)PROGRAM:ld  PROJECT:ld64-351.8
configured to support archs: armv6 armv7 armv7s arm64 i386 x86_64 x86_64h armv6m armv7k armv7m armv7em (tvOS)
@(#)PROGRAM:ld  PROJECT:ld64-351.8
configured to support archs: armv6 armv7 armv7s arm64 i386 x86_64 x86_64h armv6m armv7k armv7m armv7em (tvOS)
Library search paths:
	/usr/local/Cellar/gcc/8.1.0/lib/gcc/8/gcc/x86_64-apple-darwin17.6.0/8.1.0
	/usr/local/Cellar/gcc/8.1.0/lib/gcc/8
	/Applications/Xcode.app/Contents/Developer/Platforms/MacOSX.platform/Developer/SDKs/MacOSX10.13.sdk/usr/lib
Framework search paths:
	/Applications/Xcode.app/Contents/Developer/Platforms/MacOSX.platform/Developer/SDKs/MacOSX10.13.sdk/System/Library/Frameworks/
 /usr/bin/nm -n CMakeFiles/cmTC_e7517.dir/CMakeFortranCompilerABI.F.o


Parsed Fortran implicit link information from above output:
  link line regex: [^( *|.*[/\])(ld|CMAKE_LINK_STARTFILE-NOTFOUND|([^/\]+-)?ld|collect2)[^/\]*( |$)]
  ignore line: [Change Dir: /Users/todd/Downloads/softsusy-4.1.4 2/src/Himalaya-1.0.0/CMakeFiles/CMakeTmp]
  ignore line: []
  ignore line: [Run Build Command:"/usr/bin/make" "cmTC_e7517/fast"]
  ignore line: [/Applications/Xcode.app/Contents/Developer/usr/bin/make -f CMakeFiles/cmTC_e7517.dir/build.make CMakeFiles/cmTC_e7517.dir/build]
  ignore line: [Building Fortran object CMakeFiles/cmTC_e7517.dir/CMakeFortranCompilerABI.F.o]
  ignore line: [/usr/local/bin/gfortran   -isysroot /Applications/Xcode.app/Contents/Developer/Platforms/MacOSX.platform/Developer/SDKs/MacOSX10.13.sdk   -c /usr/local/Cellar/cmake/3.12.0/share/cmake/Modules/CMakeFortranCompilerABI.F -o CMakeFiles/cmTC_e7517.dir/CMakeFortranCompilerABI.F.o]
  ignore line: [Linking Fortran executable cmTC_e7517]
  ignore line: [/usr/local/Cellar/cmake/3.12.0/bin/cmake -E cmake_link_script CMakeFiles/cmTC_e7517.dir/link.txt --verbose=1]
  ignore line: [/usr/local/bin/gfortran   -v -Wl,-v   -isysroot /Applications/Xcode.app/Contents/Developer/Platforms/MacOSX.platform/Developer/SDKs/MacOSX10.13.sdk CMakeFiles/cmTC_e7517.dir/CMakeFortranCompilerABI.F.o  -o cmTC_e7517 ]
  ignore line: [Driving: /usr/local/bin/gfortran -v -Wl,-v -isysroot /Applications/Xcode.app/Contents/Developer/Platforms/MacOSX.platform/Developer/SDKs/MacOSX10.13.sdk CMakeFiles/cmTC_e7517.dir/CMakeFortranCompilerABI.F.o -o cmTC_e7517 -mmacosx-version-min=10.13.0 -asm_macosx_version_min=10.13 -l gfortran -shared-libgcc]
  ignore line: [Using built-in specs.]
  ignore line: [COLLECT_GCC=/usr/local/bin/gfortran]
  ignore line: [COLLECT_LTO_WRAPPER=/usr/local/Cellar/gcc/8.1.0/libexec/gcc/x86_64-apple-darwin17.6.0/8.1.0/lto-wrapper]
  ignore line: [Target: x86_64-apple-darwin17.6.0]
  ignore line: [Configured with: ../configure --build=x86_64-apple-darwin17.6.0 --prefix=/usr/local/Cellar/gcc/8.1.0 --libdir=/usr/local/Cellar/gcc/8.1.0/lib/gcc/8 --enable-languages=c,c++,objc,obj-c++,fortran --program-suffix=-8 --with-gmp=/usr/local/opt/gmp --with-mpfr=/usr/local/opt/mpfr --with-mpc=/usr/local/opt/libmpc --with-isl=/usr/local/opt/isl --with-system-zlib --enable-checking=release --with-pkgversion='Homebrew GCC 8.1.0' --with-bugurl=https://github.com/Homebrew/homebrew-core/issues --disable-nls --with-native-system-header-dir=/usr/include --with-sysroot=/Applications/Xcode.app/Contents/Developer/Platforms/MacOSX.platform/Developer/SDKs/MacOSX10.13.sdk]
  ignore line: [Thread model: posix]
  ignore line: [gcc version 8.1.0 (Homebrew GCC 8.1.0) ]
  ignore line: [Reading specs from /usr/local/Cellar/gcc/8.1.0/lib/gcc/8/gcc/x86_64-apple-darwin17.6.0/8.1.0/../../../libgfortran.spec]
  ignore line: [rename spec lib to liborig]
  ignore line: [COLLECT_GCC_OPTIONS='-v' '-isysroot' '/Applications/Xcode.app/Contents/Developer/Platforms/MacOSX.platform/Developer/SDKs/MacOSX10.13.sdk' '-o' 'cmTC_e7517' '-mmacosx-version-min=10.13.0' '-asm_macosx_version_min=10.13' '-shared-libgcc' '-mtune=core2']
  ignore line: [COMPILER_PATH=/usr/local/Cellar/gcc/8.1.0/libexec/gcc/x86_64-apple-darwin17.6.0/8.1.0/:/usr/local/Cellar/gcc/8.1.0/libexec/gcc/x86_64-apple-darwin17.6.0/8.1.0/:/usr/local/Cellar/gcc/8.1.0/libexec/gcc/x86_64-apple-darwin17.6.0/:/usr/local/Cellar/gcc/8.1.0/lib/gcc/8/gcc/x86_64-apple-darwin17.6.0/8.1.0/:/usr/local/Cellar/gcc/8.1.0/lib/gcc/8/gcc/x86_64-apple-darwin17.6.0/]
  ignore line: [LIBRARY_PATH=/usr/local/Cellar/gcc/8.1.0/lib/gcc/8/gcc/x86_64-apple-darwin17.6.0/8.1.0/:/usr/local/Cellar/gcc/8.1.0/lib/gcc/8/gcc/x86_64-apple-darwin17.6.0/8.1.0/../../../]
  ignore line: [COLLECT_GCC_OPTIONS='-v' '-isysroot' '/Applications/Xcode.app/Contents/Developer/Platforms/MacOSX.platform/Developer/SDKs/MacOSX10.13.sdk' '-o' 'cmTC_e7517' '-mmacosx-version-min=10.13.0' '-asm_macosx_version_min=10.13' '-shared-libgcc' '-mtune=core2']
  link line: [ /usr/local/Cellar/gcc/8.1.0/libexec/gcc/x86_64-apple-darwin17.6.0/8.1.0/collect2 -dynamic -arch x86_64 -macosx_version_min 10.13.0 -syslibroot /Applications/Xcode.app/Contents/Developer/Platforms/MacOSX.platform/Developer/SDKs/MacOSX10.13.sdk -weak_reference_mismatches non-weak -o cmTC_e7517 -L/usr/local/Cellar/gcc/8.1.0/lib/gcc/8/gcc/x86_64-apple-darwin17.6.0/8.1.0 -L/usr/local/Cellar/gcc/8.1.0/lib/gcc/8/gcc/x86_64-apple-darwin17.6.0/8.1.0/../../.. -v CMakeFiles/cmTC_e7517.dir/CMakeFortranCompilerABI.F.o -lgfortran -no_compact_unwind -lSystem -lgcc_ext.10.5 -lgcc -lquadmath -lm -lgcc_ext.10.5 -lgcc -lSystem -v]
    arg [/usr/local/Cellar/gcc/8.1.0/libexec/gcc/x86_64-apple-darwin17.6.0/8.1.0/collect2] ==> ignore
    arg [-dynamic] ==> ignore
    arg [-arch] ==> ignore
    arg [x86_64] ==> ignore
    arg [-macosx_version_min] ==> ignore
    arg [10.13.0] ==> ignore
    arg [-syslibroot] ==> ignore
    arg [/Applications/Xcode.app/Contents/Developer/Platforms/MacOSX.platform/Developer/SDKs/MacOSX10.13.sdk] ==> ignore
    arg [-weak_reference_mismatches] ==> ignore
    arg [non-weak] ==> ignore
    arg [-o] ==> ignore
    arg [cmTC_e7517] ==> ignore
    arg [-L/usr/local/Cellar/gcc/8.1.0/lib/gcc/8/gcc/x86_64-apple-darwin17.6.0/8.1.0] ==> dir [/usr/local/Cellar/gcc/8.1.0/lib/gcc/8/gcc/x86_64-apple-darwin17.6.0/8.1.0]
    arg [-L/usr/local/Cellar/gcc/8.1.0/lib/gcc/8/gcc/x86_64-apple-darwin17.6.0/8.1.0/../../..] ==> dir [/usr/local/Cellar/gcc/8.1.0/lib/gcc/8/gcc/x86_64-apple-darwin17.6.0/8.1.0/../../..]
    arg [-v] ==> ignore
    arg [CMakeFiles/cmTC_e7517.dir/CMakeFortranCompilerABI.F.o] ==> ignore
    arg [-lgfortran] ==> lib [gfortran]
    arg [-no_compact_unwind] ==> ignore
    arg [-lSystem] ==> lib [System]
    arg [-lgcc_ext.10.5] ==> lib [gcc_ext.10.5]
    arg [-lgcc] ==> lib [gcc]
    arg [-lquadmath] ==> lib [quadmath]
    arg [-lm] ==> lib [m]
    arg [-lgcc_ext.10.5] ==> lib [gcc_ext.10.5]
    arg [-lgcc] ==> lib [gcc]
    arg [-lSystem] ==> lib [System]
    arg [-v] ==> ignore
  Library search paths: [;/usr/local/Cellar/gcc/8.1.0/lib/gcc/8/gcc/x86_64-apple-darwin17.6.0/8.1.0;/usr/local/Cellar/gcc/8.1.0/lib/gcc/8;/Applications/Xcode.app/Contents/Developer/Platforms/MacOSX.platform/Developer/SDKs/MacOSX10.13.sdk/usr/lib]
  Framework search paths: [;/Applications/Xcode.app/Contents/Developer/Platforms/MacOSX.platform/Developer/SDKs/MacOSX10.13.sdk/System/Library/Frameworks/]
  remove lib [System]
  remove lib [System]
  collapse library dir [/usr/local/Cellar/gcc/8.1.0/lib/gcc/8/gcc/x86_64-apple-darwin17.6.0/8.1.0] ==> [/usr/local/Cellar/gcc/8.1.0/lib/gcc/8/gcc/x86_64-apple-darwin17.6.0/8.1.0]
  collapse library dir [/usr/local/Cellar/gcc/8.1.0/lib/gcc/8/gcc/x86_64-apple-darwin17.6.0/8.1.0/../../..] ==> [/usr/local/Cellar/gcc/8.1.0/lib/gcc/8]
  collapse library dir [/usr/local/Cellar/gcc/8.1.0/lib/gcc/8/gcc/x86_64-apple-darwin17.6.0/8.1.0] ==> [/usr/local/Cellar/gcc/8.1.0/lib/gcc/8/gcc/x86_64-apple-darwin17.6.0/8.1.0]
  collapse library dir [/usr/local/Cellar/gcc/8.1.0/lib/gcc/8] ==> [/usr/local/Cellar/gcc/8.1.0/lib/gcc/8]
  collapse library dir [/Applications/Xcode.app/Contents/Developer/Platforms/MacOSX.platform/Developer/SDKs/MacOSX10.13.sdk/usr/lib] ==> [/Applications/Xcode.app/Contents/Developer/Platforms/MacOSX.platform/Developer/SDKs/MacOSX10.13.sdk/usr/lib]
  collapse framework dir [/Applications/Xcode.app/Contents/Developer/Platforms/MacOSX.platform/Developer/SDKs/MacOSX10.13.sdk/System/Library/Frameworks/] ==> [/Applications/Xcode.app/Contents/Developer/Platforms/MacOSX.platform/Developer/SDKs/MacOSX10.13.sdk/System/Library/Frameworks]
  implicit libs: [gfortran;gcc_ext.10.5;gcc;quadmath;m;gcc_ext.10.5;gcc]
  implicit dirs: [/usr/local/Cellar/gcc/8.1.0/lib/gcc/8/gcc/x86_64-apple-darwin17.6.0/8.1.0;/usr/local/Cellar/gcc/8.1.0/lib/gcc/8;/Applications/Xcode.app/Contents/Developer/Platforms/MacOSX.platform/Developer/SDKs/MacOSX10.13.sdk/usr/lib]
  implicit fwks: [/Applications/Xcode.app/Contents/Developer/Platforms/MacOSX.platform/Developer/SDKs/MacOSX10.13.sdk/System/Library/Frameworks]


Determining if the Fortran compiler supports Fortran 90 passed with the following output:
Change Dir: /Users/todd/Downloads/softsusy-4.1.4 2/src/Himalaya-1.0.0/CMakeFiles/CMakeTmp

Run Build Command:"/usr/bin/make" "cmTC_b3f91/fast"
/Applications/Xcode.app/Contents/Developer/usr/bin/make -f CMakeFiles/cmTC_b3f91.dir/build.make CMakeFiles/cmTC_b3f91.dir/build
Building Fortran object CMakeFiles/cmTC_b3f91.dir/testFortranCompilerF90.f90.o
/usr/local/bin/gfortran   -isysroot /Applications/Xcode.app/Contents/Developer/Platforms/MacOSX.platform/Developer/SDKs/MacOSX10.13.sdk   -c "/Users/todd/Downloads/softsusy-4.1.4 2/src/Himalaya-1.0.0/CMakeFiles/CMakeTmp/testFortranCompilerF90.f90" -o CMakeFiles/cmTC_b3f91.dir/testFortranCompilerF90.f90.o
Linking Fortran executable cmTC_b3f91
/usr/local/Cellar/cmake/3.12.0/bin/cmake -E cmake_link_script CMakeFiles/cmTC_b3f91.dir/link.txt --verbose=1
/usr/local/bin/gfortran      -isysroot /Applications/Xcode.app/Contents/Developer/Platforms/MacOSX.platform/Developer/SDKs/MacOSX10.13.sdk CMakeFiles/cmTC_b3f91.dir/testFortranCompilerF90.f90.o  -o cmTC_b3f91 


